#
# There is insufficient memory for the Java Runtime Environment to continue.
# Native memory allocation (mmap) failed to map 117440512 bytes. Error detail: G1 virtual space
# Possible reasons:
#   The system is out of physical RAM or swap space
#   This process is running with CompressedOops enabled, and the Java Heap may be blocking the growth of the native heap
# Possible solutions:
#   Reduce memory load on the system
#   Increase physical memory or swap space
#   Check if swap backing store is full
#   Decrease Java heap size (-Xmx/-Xms)
#   Decrease number of Java threads
#   Decrease Java thread stack sizes (-Xss)
#   Set larger code cache with -XX:ReservedCodeCacheSize=
#   JVM is running with Unscaled Compressed Oops mode in which the Java heap is
#     placed in the first 4GB address space. The Java Heap base address is the
#     maximum limit for the native heap growth. Please use -XX:HeapBaseMinAddress
#     to set the Java Heap base and to place the Java Heap above 4GB virtual address.
# This output file may be truncated or incomplete.
#
#  Out of Memory Error (os_windows.cpp:3618), pid=4952, tid=21720
#
# JRE version: OpenJDK Runtime Environment Temurin-17.0.19+10 (17.0.19+10) (build 17.0.19+10)
# Java VM: OpenJDK 64-Bit Server VM Temurin-17.0.19+10 (17.0.19+10, mixed mode, sharing, tiered, compressed oops, compressed class ptrs, g1 gc, windows-amd64)
# No core dump will be written. Minidumps are not enabled by default on client versions of Windows
#

---------------  S U M M A R Y ------------

Command Line: --add-opens=java.base/java.lang=ALL-UNNAMED --add-opens=java.base/java.lang.invoke=ALL-UNNAMED --add-opens=java.base/java.util=ALL-UNNAMED --add-opens=java.prefs/java.util.prefs=ALL-UNNAMED --add-exports=jdk.compiler/com.sun.tools.javac.api=ALL-UNNAMED --add-exports=jdk.compiler/com.sun.tools.javac.util=ALL-UNNAMED --add-opens=java.base/java.util=ALL-UNNAMED --add-opens=java.prefs/java.util.prefs=ALL-UNNAMED --add-opens=java.base/java.nio.charset=ALL-UNNAMED --add-opens=java.base/java.net=ALL-UNNAMED --add-opens=java.base/java.util.concurrent.atomic=ALL-UNNAMED --add-opens=java.xml/javax.xml.namespace=ALL-UNNAMED -XX:MaxMetaspaceSize=384M -XX:ReservedCodeCacheSize=240M -XX:+HeapDumpOnOutOfMemoryError -Xmx1536M -Dfile.encoding=windows-1252 -Duser.country=ID -Duser.language=en -Duser.variant -javaagent:C:\Users\Lenovo\.gradle\wrapper\dists\gradle-8.14-all\c2qonpi39x1mddn7hk5gh9iqj\gradle-8.14\lib\agents\gradle-instrumentation-agent-8.14.jar org.gradle.launcher.daemon.bootstrap.GradleDaemon 8.14

Host: 11th Gen Intel(R) Core(TM) i5-1135G7 @ 2.40GHz, 8 cores, 3G,  Windows 11 , 64 bit Build 22000 (10.0.22000.2538)
Time: Fri Jul 10 18:26:48 2026 SE Asia Standard Time elapsed time: 30.539563 seconds (0d 0h 0m 30s)

---------------  T H R E A D  ---------------

Current thread (0x000002367a0e4060):  VMThread "VM Thread" [stack: 0x00000038acc00000,0x00000038acd00000] [id=21720]

Stack: [0x00000038acc00000,0x00000038acd00000]
Native frames: (J=compiled Java code, j=interpreted, Vv=VM code, C=native code)
V  [jvm.dll+0x684b29]
V  [jvm.dll+0x83a2d5]
V  [jvm.dll+0x83bd4e]
V  [jvm.dll+0x83c3d3]
V  [jvm.dll+0x24905f]
V  [jvm.dll+0x6818e9]
V  [jvm.dll+0x6766ea]
V  [jvm.dll+0x3093b7]
V  [jvm.dll+0x3109a6]
V  [jvm.dll+0x360f1e]
V  [jvm.dll+0x36115d]
V  [jvm.dll+0x2e043c]
V  [jvm.dll+0x2de812]
V  [jvm.dll+0x2ddfac]
V  [jvm.dll+0x320c6b]
V  [jvm.dll+0x840bed]
V  [jvm.dll+0x841923]
V  [jvm.dll+0x841e4f]
V  [jvm.dll+0x842235]
V  [jvm.dll+0x8422fe]
V  [jvm.dll+0x7eaf1c]
V  [jvm.dll+0x6839f7]
C  [ucrtbase.dll+0x26c0c]
C  [KERNEL32.DLL+0x153e0]
C  [ntdll.dll+0x485b]

VM_Operation (0x00000038ae4f33e0): G1CollectForAllocation, mode: safepoint, requested by thread 0x0000023615682830


---------------  P R O C E S S  ---------------

Threads class SMR info:
_java_thread_list=0x000002367f6f68d0, length=126, elements={
0x000002365afde940, 0x000002367a0e8150, 0x000002367a0e9d20, 0x000002367a102740,
0x000002367a103010, 0x000002367a1059e0, 0x000002367a1063a0, 0x000002367a107140,
0x000002367a107bf0, 0x000002367a139af0, 0x000002367a2da210, 0x000002367a3d4ce0,
0x000002367fb54820, 0x000002367fac9f60, 0x00000236153fc640, 0x000002367a968fc0,
0x000002367f325e60, 0x00000236156809d0, 0x0000023615682830, 0x0000023615682320,
0x0000023615681e10, 0x000002361567f080, 0x000002361567f590, 0x0000023615681900,
0x00000236156813f0, 0x0000023615680ee0, 0x000002361567ffb0, 0x00000236156804c0,
0x000002367f473370, 0x000002367f473d90, 0x000002367f478980, 0x000002367f477a50,
0x000002367f477f60, 0x000002367f477030, 0x000002367f477540, 0x000002367f479dc0,
0x000002367f474cc0, 0x000002367f47a2d0, 0x000002367f4793a0, 0x000002367f476610,
0x000002367f4751d0, 0x000002367f476100, 0x000002367f472e60, 0x000002367f478e90,
0x000002367f47a7e0, 0x000002367f476b20, 0x000002367f4756e0, 0x000002367f478470,
0x000002367f475bf0, 0x000002367f4798b0, 0x000002367f0a2220, 0x000002367f0a4aa0,
0x000002367f0a1d10, 0x000002367f0a4fb0, 0x000002367f0a4080, 0x000002367f0a2730,
0x000002367f0a1800, 0x000002367f0a3b70, 0x00000236156fdd50, 0x00000236156f68e0,
0x00000236156fafc0, 0x00000236156f6df0, 0x00000236156f7810, 0x00000236156fa5a0,
0x00000236156fce20, 0x00000236156f8230, 0x00000236156fd840, 0x00000236156fbef0,
0x00000236156fe260, 0x00000236156f7300, 0x00000236156f8740, 0x00000236156f7d20,
0x00000236156fa090, 0x00000236156f9160, 0x00000236156faab0, 0x00000236156f9670,
0x00000236156fb4d0, 0x00000236156f9b80, 0x00000236156fb9e0, 0x00000236156fc400,
0x00000236156fc910, 0x0000023617ac7ed0, 0x0000023617ac2dd0, 0x0000023617ac79c0,
0x0000023617ac83e0, 0x0000023617ac23b0, 0x0000023617ac0f70, 0x0000023617ac1480,
0x0000023617ac1ea0, 0x0000023617ac88f0, 0x0000023617ac3d00, 0x0000023617ac6580,
0x0000023617ac32e0, 0x0000023617ac1990, 0x0000023617ac28c0, 0x0000023617ac37f0,
0x0000023617ac6a90, 0x0000023617ac4720, 0x0000023617ac6fa0, 0x0000023617ac4210,
0x0000023617ac5650, 0x0000023617ac4c30, 0x0000023617ac5140, 0x0000023617ac5b60,
0x0000023617ac6070, 0x000002367f03ca30, 0x000002367f038d70, 0x000002367f036f10,
0x000002367f03c520, 0x000002367f03abd0, 0x000002367f037420, 0x000002367f03b5f0,
0x000002367f03cf40, 0x000002367f03b0e0, 0x000002367f03bb00, 0x000002367f03c010,
0x000002367f039ca0, 0x000002367f035fe0, 0x000002367f038350, 0x000002367f039280,
0x000002367f03d450, 0x000002367f037930, 0x000002367f03a1b0, 0x000002367f037e40,
0x000002367f039790, 0x000002367f03d960
}

Java Threads: ( => current thread )
  0x000002365afde940 JavaThread "main" [_thread_blocked, id=9960, stack(0x00000038ac600000,0x00000038ac700000)]
  0x000002367a0e8150 JavaThread "Reference Handler" daemon [_thread_blocked, id=11328, stack(0x00000038acd00000,0x00000038ace00000)]
  0x000002367a0e9d20 JavaThread "Finalizer" daemon [_thread_blocked, id=5568, stack(0x00000038ace00000,0x00000038acf00000)]
  0x000002367a102740 JavaThread "Signal Dispatcher" daemon [_thread_blocked, id=15976, stack(0x00000038acf00000,0x00000038ad000000)]
  0x000002367a103010 JavaThread "Attach Listener" daemon [_thread_blocked, id=9320, stack(0x00000038ad000000,0x00000038ad100000)]
  0x000002367a1059e0 JavaThread "Service Thread" daemon [_thread_blocked, id=19908, stack(0x00000038ad100000,0x00000038ad200000)]
  0x000002367a1063a0 JavaThread "Monitor Deflation Thread" daemon [_thread_blocked, id=18996, stack(0x00000038ad200000,0x00000038ad300000)]
  0x000002367a107140 JavaThread "C2 CompilerThread0" daemon [_thread_blocked, id=16992, stack(0x00000038ad300000,0x00000038ad400000)]
  0x000002367a107bf0 JavaThread "C1 CompilerThread0" daemon [_thread_blocked, id=3348, stack(0x00000038ad400000,0x00000038ad500000)]
  0x000002367a139af0 JavaThread "Sweeper thread" daemon [_thread_blocked, id=10656, stack(0x00000038ad500000,0x00000038ad600000)]
  0x000002367a2da210 JavaThread "Common-Cleaner" daemon [_thread_blocked, id=19996, stack(0x00000038ad600000,0x00000038ad700000)]
  0x000002367a3d4ce0 JavaThread "Notification Thread" daemon [_thread_blocked, id=21212, stack(0x00000038ad700000,0x00000038ad800000)]
  0x000002367fb54820 JavaThread "Daemon health stats" [_thread_blocked, id=14820, stack(0x00000038ade00000,0x00000038adf00000)]
  0x000002367fac9f60 JavaThread "Incoming local TCP Connector on port 56384" [_thread_in_native, id=12604, stack(0x00000038adf00000,0x00000038ae000000)]
  0x00000236153fc640 JavaThread "Daemon periodic checks" [_thread_blocked, id=11640, stack(0x00000038ae000000,0x00000038ae100000)]
  0x000002367a968fc0 JavaThread "Daemon" [_thread_blocked, id=2528, stack(0x00000038ae100000,0x00000038ae200000)]
  0x000002367f325e60 JavaThread "Handler for socket connection from /127.0.0.1:56384 to /127.0.0.1:56385" [_thread_in_native, id=19964, stack(0x00000038ae200000,0x00000038ae300000)]
  0x00000236156809d0 JavaThread "Cancel handler" [_thread_blocked, id=15668, stack(0x00000038ae300000,0x00000038ae400000)]
  0x0000023615682830 JavaThread "Daemon worker" [_thread_blocked, id=16492, stack(0x00000038ae400000,0x00000038ae500000)]
  0x0000023615682320 JavaThread "Asynchronous log dispatcher for DefaultDaemonConnection: socket connection from /127.0.0.1:56384 to /127.0.0.1:56385" [_thread_blocked, id=11772, stack(0x00000038ae500000,0x00000038ae600000)]
  0x0000023615681e10 JavaThread "Stdin handler" [_thread_blocked, id=10496, stack(0x00000038ae600000,0x00000038ae700000)]
  0x000002361567f080 JavaThread "Daemon client event forwarder" [_thread_blocked, id=17080, stack(0x00000038ae700000,0x00000038ae800000)]
  0x000002361567f590 JavaThread "Cache worker for journal cache (C:\Users\Lenovo\.gradle\caches\journal-1)" [_thread_blocked, id=22476, stack(0x00000038aeb00000,0x00000038aec00000)]
  0x0000023615681900 JavaThread "File lock request listener" [_thread_in_native, id=22072, stack(0x00000038aec00000,0x00000038aed00000)]
  0x00000236156813f0 JavaThread "Cache worker for file hash cache (C:\Users\Lenovo\.gradle\caches\8.14\fileHashes)" [_thread_blocked, id=8096, stack(0x00000038aed00000,0x00000038aee00000)]
  0x0000023615680ee0 JavaThread "Cache worker for file hash cache (D:\SmartAgrifis-main\android\.gradle\8.14\fileHashes)" [_thread_blocked, id=11844, stack(0x00000038aee00000,0x00000038aef00000)]
  0x000002361567ffb0 JavaThread "Cache worker for Build Output Cleanup Cache (D:\SmartAgrifis-main\android\.gradle\buildOutputCleanup)" [_thread_blocked, id=17716, stack(0x00000038aef00000,0x00000038af000000)]
  0x00000236156804c0 JavaThread "File watcher server" daemon [_thread_in_native, id=22524, stack(0x00000038af100000,0x00000038af200000)]
  0x000002367f473370 JavaThread "File watcher consumer" daemon [_thread_blocked, id=2604, stack(0x00000038af200000,0x00000038af300000)]
  0x000002367f473d90 JavaThread "File lock release action executor" [_thread_blocked, id=19976, stack(0x00000038af300000,0x00000038af400000)]
  0x000002367f478980 JavaThread "Cache worker for checksums cache (D:\SmartAgrifis-main\android\.gradle\8.14\checksums)" [_thread_blocked, id=21636, stack(0x00000038af400000,0x00000038af500000)]
  0x000002367f477a50 JavaThread "Cache worker for file content cache (C:\Users\Lenovo\.gradle\caches\8.14\fileContent)" [_thread_blocked, id=11832, stack(0x00000038af500000,0x00000038af600000)]
  0x000002367f477f60 JavaThread "Cache worker for cache directory md-supplier (C:\Users\Lenovo\.gradle\caches\8.14\md-supplier)" [_thread_blocked, id=21368, stack(0x00000038af600000,0x00000038af700000)]
  0x000002367f477030 JavaThread "Cache worker for cache directory md-rule (C:\Users\Lenovo\.gradle\caches\8.14\md-rule)" [_thread_blocked, id=12404, stack(0x00000038af700000,0x00000038af800000)]
  0x000002367f477540 JavaThread "Cache worker for Build Output Cleanup Cache (C:\Flutter\flutter\packages\flutter_tools\gradle\.gradle\buildOutputCleanup)" [_thread_blocked, id=8960, stack(0x00000038af800000,0x00000038af900000)]
  0x000002367f479dc0 JavaThread "Unconstrained build operations" [_thread_blocked, id=19440, stack(0x00000038af900000,0x00000038afa00000)]
  0x000002367f474cc0 JavaThread "Unconstrained build operations Thread 2" [_thread_blocked, id=19596, stack(0x00000038afa00000,0x00000038afb00000)]
  0x000002367f47a2d0 JavaThread "Unconstrained build operations Thread 3" [_thread_blocked, id=19056, stack(0x00000038afb00000,0x00000038afc00000)]
  0x000002367f4793a0 JavaThread "Unconstrained build operations Thread 4" [_thread_blocked, id=21224, stack(0x00000038afc00000,0x00000038afd00000)]
  0x000002367f476610 JavaThread "Unconstrained build operations Thread 5" [_thread_blocked, id=8328, stack(0x00000038afd00000,0x00000038afe00000)]
  0x000002367f4751d0 JavaThread "Unconstrained build operations Thread 6" [_thread_blocked, id=17776, stack(0x00000038afe00000,0x00000038aff00000)]
  0x000002367f476100 JavaThread "Unconstrained build operations Thread 7" [_thread_blocked, id=13632, stack(0x00000038aff00000,0x00000038b0000000)]
  0x000002367f472e60 JavaThread "Unconstrained build operations Thread 8" [_thread_blocked, id=14424, stack(0x00000038b0000000,0x00000038b0100000)]
  0x000002367f478e90 JavaThread "Unconstrained build operations Thread 9" [_thread_blocked, id=18440, stack(0x00000038b0100000,0x00000038b0200000)]
  0x000002367f47a7e0 JavaThread "Unconstrained build operations Thread 10" [_thread_blocked, id=8600, stack(0x00000038b0200000,0x00000038b0300000)]
  0x000002367f476b20 JavaThread "Unconstrained build operations Thread 11" [_thread_blocked, id=9840, stack(0x00000038b0300000,0x00000038b0400000)]
  0x000002367f4756e0 JavaThread "Unconstrained build operations Thread 12" [_thread_blocked, id=18164, stack(0x00000038b0400000,0x00000038b0500000)]
  0x000002367f478470 JavaThread "Unconstrained build operations Thread 13" [_thread_blocked, id=7232, stack(0x00000038b0500000,0x00000038b0600000)]
  0x000002367f475bf0 JavaThread "Unconstrained build operations Thread 14" [_thread_blocked, id=21428, stack(0x00000038b0600000,0x00000038b0700000)]
  0x000002367f4798b0 JavaThread "Unconstrained build operations Thread 15" [_thread_blocked, id=20700, stack(0x00000038b0700000,0x00000038b0800000)]
  0x000002367f0a2220 JavaThread "Unconstrained build operations Thread 16" [_thread_blocked, id=22428, stack(0x00000038b0800000,0x00000038b0900000)]
  0x000002367f0a4aa0 JavaThread "Unconstrained build operations Thread 17" [_thread_blocked, id=12672, stack(0x00000038b0900000,0x00000038b0a00000)]
  0x000002367f0a1d10 JavaThread "Unconstrained build operations Thread 18" [_thread_blocked, id=1952, stack(0x00000038b0a00000,0x00000038b0b00000)]
  0x000002367f0a4fb0 JavaThread "Unconstrained build operations Thread 19" [_thread_blocked, id=11460, stack(0x00000038b0b00000,0x00000038b0c00000)]
  0x000002367f0a4080 JavaThread "Unconstrained build operations Thread 20" [_thread_blocked, id=21060, stack(0x00000038b0c00000,0x00000038b0d00000)]
  0x000002367f0a2730 JavaThread "Unconstrained build operations Thread 21" [_thread_blocked, id=15468, stack(0x00000038b0d00000,0x00000038b0e00000)]
  0x000002367f0a1800 JavaThread "Memory manager" [_thread_blocked, id=15888, stack(0x00000038b0e00000,0x00000038b0f00000)]
  0x000002367f0a3b70 JavaThread "build event listener" [_thread_blocked, id=22296, stack(0x00000038b0f00000,0x00000038b1000000)]
  0x00000236156fdd50 JavaThread "included builds" [_thread_blocked, id=21156, stack(0x00000038b1000000,0x00000038b1100000)]
  0x00000236156f68e0 JavaThread "Execution worker" [_thread_blocked, id=19084, stack(0x00000038b1100000,0x00000038b1200000)]
  0x00000236156fafc0 JavaThread "Execution worker Thread 2" [_thread_blocked, id=16160, stack(0x00000038b1200000,0x00000038b1300000)]
  0x00000236156f6df0 JavaThread "Execution worker Thread 3" [_thread_blocked, id=18784, stack(0x00000038b1300000,0x00000038b1400000)]
  0x00000236156f7810 JavaThread "Execution worker Thread 4" [_thread_blocked, id=19796, stack(0x00000038b1400000,0x00000038b1500000)]
  0x00000236156fa5a0 JavaThread "Execution worker Thread 5" [_thread_blocked, id=12492, stack(0x00000038b1500000,0x00000038b1600000)]
  0x00000236156fce20 JavaThread "Execution worker Thread 6" [_thread_blocked, id=3104, stack(0x00000038b1600000,0x00000038b1700000)]
  0x00000236156f8230 JavaThread "Execution worker Thread 7" [_thread_blocked, id=1428, stack(0x00000038b1700000,0x00000038b1800000)]
  0x00000236156fd840 JavaThread "Cache worker for execution history cache (C:\Flutter\flutter\packages\flutter_tools\gradle\.gradle\8.14\executionHistory)" [_thread_blocked, id=19992, stack(0x00000038b1800000,0x00000038b1900000)]
  0x00000236156fbef0 JavaThread "Unconstrained build operations Thread 22" [_thread_blocked, id=7816, stack(0x00000038b1900000,0x00000038b1a00000)]
  0x00000236156fe260 JavaThread "Unconstrained build operations Thread 23" [_thread_blocked, id=21960, stack(0x00000038b1a00000,0x00000038b1b00000)]
  0x00000236156f7300 JavaThread "Unconstrained build operations Thread 24" [_thread_blocked, id=17456, stack(0x00000038b1b00000,0x00000038b1c00000)]
  0x00000236156f8740 JavaThread "Unconstrained build operations Thread 25" [_thread_blocked, id=16232, stack(0x00000038b1c00000,0x00000038b1d00000)]
  0x00000236156f7d20 JavaThread "Unconstrained build operations Thread 26" [_thread_blocked, id=3836, stack(0x00000038b1d00000,0x00000038b1e00000)]
  0x00000236156fa090 JavaThread "Unconstrained build operations Thread 27" [_thread_blocked, id=18196, stack(0x00000038b1e00000,0x00000038b1f00000)]
  0x00000236156f9160 JavaThread "Unconstrained build operations Thread 28" [_thread_blocked, id=15344, stack(0x00000038b1f00000,0x00000038b2000000)]
  0x00000236156faab0 JavaThread "Unconstrained build operations Thread 29" [_thread_blocked, id=14180, stack(0x00000038b2000000,0x00000038b2100000)]
  0x00000236156f9670 JavaThread "Unconstrained build operations Thread 30" [_thread_blocked, id=19672, stack(0x00000038b2100000,0x00000038b2200000)]
  0x00000236156fb4d0 JavaThread "Unconstrained build operations Thread 31" [_thread_blocked, id=5028, stack(0x00000038b2200000,0x00000038b2300000)]
  0x00000236156f9b80 JavaThread "Unconstrained build operations Thread 32" [_thread_blocked, id=9728, stack(0x00000038b2300000,0x00000038b2400000)]
  0x00000236156fb9e0 JavaThread "Unconstrained build operations Thread 33" [_thread_blocked, id=22052, stack(0x00000038b2400000,0x00000038b2500000)]
  0x00000236156fc400 JavaThread "Unconstrained build operations Thread 34" [_thread_blocked, id=19816, stack(0x00000038b2500000,0x00000038b2600000)]
  0x00000236156fc910 JavaThread "Unconstrained build operations Thread 35" [_thread_blocked, id=13024, stack(0x00000038b2600000,0x00000038b2700000)]
  0x0000023617ac7ed0 JavaThread "Unconstrained build operations Thread 36" [_thread_blocked, id=20940, stack(0x00000038b2700000,0x00000038b2800000)]
  0x0000023617ac2dd0 JavaThread "Unconstrained build operations Thread 37" [_thread_blocked, id=1784, stack(0x00000038b2800000,0x00000038b2900000)]
  0x0000023617ac79c0 JavaThread "Unconstrained build operations Thread 38" [_thread_blocked, id=14872, stack(0x00000038b2900000,0x00000038b2a00000)]
  0x0000023617ac83e0 JavaThread "Unconstrained build operations Thread 39" [_thread_blocked, id=21920, stack(0x00000038b2a00000,0x00000038b2b00000)]
  0x0000023617ac23b0 JavaThread "Unconstrained build operations Thread 40" [_thread_blocked, id=15488, stack(0x00000038b2b00000,0x00000038b2c00000)]
  0x0000023617ac0f70 JavaThread "Unconstrained build operations Thread 41" [_thread_blocked, id=21276, stack(0x00000038b2c00000,0x00000038b2d00000)]
  0x0000023617ac1480 JavaThread "Unconstrained build operations Thread 42" [_thread_blocked, id=17580, stack(0x00000038b2d00000,0x00000038b2e00000)]
  0x0000023617ac1ea0 JavaThread "Unconstrained build operations Thread 43" [_thread_blocked, id=21836, stack(0x00000038b2e00000,0x00000038b2f00000)]
  0x0000023617ac88f0 JavaThread "Unconstrained build operations Thread 44" [_thread_blocked, id=13768, stack(0x00000038b2f00000,0x00000038b3000000)]
  0x0000023617ac3d00 JavaThread "Unconstrained build operations Thread 45" [_thread_blocked, id=12976, stack(0x00000038b3000000,0x00000038b3100000)]
  0x0000023617ac6580 JavaThread "Unconstrained build operations Thread 46" [_thread_blocked, id=14760, stack(0x00000038b3100000,0x00000038b3200000)]
  0x0000023617ac32e0 JavaThread "Unconstrained build operations Thread 47" [_thread_blocked, id=20440, stack(0x00000038b3200000,0x00000038b3300000)]
  0x0000023617ac1990 JavaThread "Unconstrained build operations Thread 48" [_thread_blocked, id=4176, stack(0x00000038b3300000,0x00000038b3400000)]
  0x0000023617ac28c0 JavaThread "Unconstrained build operations Thread 49" [_thread_blocked, id=19848, stack(0x00000038b3400000,0x00000038b3500000)]
  0x0000023617ac37f0 JavaThread "Unconstrained build operations Thread 50" [_thread_blocked, id=18292, stack(0x00000038b3500000,0x00000038b3600000)]
  0x0000023617ac6a90 JavaThread "Unconstrained build operations Thread 51" [_thread_blocked, id=17984, stack(0x00000038b3600000,0x00000038b3700000)]
  0x0000023617ac4720 JavaThread "Unconstrained build operations Thread 52" [_thread_blocked, id=20076, stack(0x00000038b3700000,0x00000038b3800000)]
  0x0000023617ac6fa0 JavaThread "Unconstrained build operations Thread 53" [_thread_blocked, id=9232, stack(0x00000038b3800000,0x00000038b3900000)]
  0x0000023617ac4210 JavaThread "Unconstrained build operations Thread 54" [_thread_blocked, id=12784, stack(0x00000038b3900000,0x00000038b3a00000)]
  0x0000023617ac5650 JavaThread "Unconstrained build operations Thread 55" [_thread_blocked, id=21280, stack(0x00000038b3a00000,0x00000038b3b00000)]
  0x0000023617ac4c30 JavaThread "Unconstrained build operations Thread 56" [_thread_blocked, id=9944, stack(0x00000038b3b00000,0x00000038b3c00000)]
  0x0000023617ac5140 JavaThread "Unconstrained build operations Thread 57" [_thread_blocked, id=14848, stack(0x00000038b3c00000,0x00000038b3d00000)]
  0x0000023617ac5b60 JavaThread "Unconstrained build operations Thread 58" [_thread_blocked, id=17492, stack(0x00000038b3d00000,0x00000038b3e00000)]
  0x0000023617ac6070 JavaThread "Unconstrained build operations Thread 59" [_thread_blocked, id=13832, stack(0x00000038b3e00000,0x00000038b3f00000)]
  0x000002367f03ca30 JavaThread "Unconstrained build operations Thread 60" [_thread_blocked, id=16724, stack(0x00000038b3f00000,0x00000038b4000000)]
  0x000002367f038d70 JavaThread "Unconstrained build operations Thread 61" [_thread_blocked, id=9444, stack(0x00000038b4000000,0x00000038b4100000)]
  0x000002367f036f10 JavaThread "Unconstrained build operations Thread 62" [_thread_blocked, id=16108, stack(0x00000038b4100000,0x00000038b4200000)]
  0x000002367f03c520 JavaThread "Unconstrained build operations Thread 63" [_thread_blocked, id=20992, stack(0x00000038b4200000,0x00000038b4300000)]
  0x000002367f03abd0 JavaThread "Unconstrained build operations Thread 64" [_thread_blocked, id=21036, stack(0x00000038b4300000,0x00000038b4400000)]
  0x000002367f037420 JavaThread "Unconstrained build operations Thread 65" [_thread_blocked, id=17880, stack(0x00000038b4400000,0x00000038b4500000)]
  0x000002367f03b5f0 JavaThread "Unconstrained build operations Thread 66" [_thread_blocked, id=21900, stack(0x00000038b4500000,0x00000038b4600000)]
  0x000002367f03cf40 JavaThread "Unconstrained build operations Thread 67" [_thread_blocked, id=22292, stack(0x00000038b4600000,0x00000038b4700000)]
  0x000002367f03b0e0 JavaThread "Unconstrained build operations Thread 68" [_thread_blocked, id=17228, stack(0x00000038b4700000,0x00000038b4800000)]
  0x000002367f03bb00 JavaThread "Unconstrained build operations Thread 69" [_thread_blocked, id=15092, stack(0x00000038b4800000,0x00000038b4900000)]
  0x000002367f03c010 JavaThread "Unconstrained build operations Thread 70" [_thread_blocked, id=8672, stack(0x00000038b4900000,0x00000038b4a00000)]
  0x000002367f039ca0 JavaThread "Unconstrained build operations Thread 71" [_thread_blocked, id=9548, stack(0x00000038b4a00000,0x00000038b4b00000)]
  0x000002367f035fe0 JavaThread "Unconstrained build operations Thread 72" [_thread_blocked, id=17248, stack(0x00000038b4b00000,0x00000038b4c00000)]
  0x000002367f038350 JavaThread "Unconstrained build operations Thread 73" [_thread_blocked, id=16060, stack(0x00000038b4c00000,0x00000038b4d00000)]
  0x000002367f039280 JavaThread "Unconstrained build operations Thread 74" [_thread_blocked, id=22032, stack(0x00000038b4d00000,0x00000038b4e00000)]
  0x000002367f03d450 JavaThread "Unconstrained build operations Thread 75" [_thread_blocked, id=8536, stack(0x00000038b4e00000,0x00000038b4f00000)]
  0x000002367f037930 JavaThread "Unconstrained build operations Thread 76" [_thread_blocked, id=8288, stack(0x00000038b4f00000,0x00000038b5000000)]
  0x000002367f03a1b0 JavaThread "Unconstrained build operations Thread 77" [_thread_blocked, id=21056, stack(0x00000038b5000000,0x00000038b5100000)]
  0x000002367f037e40 JavaThread "Unconstrained build operations Thread 78" [_thread_blocked, id=12552, stack(0x00000038b5100000,0x00000038b5200000)]
  0x000002367f039790 JavaThread "Unconstrained build operations Thread 79" [_thread_blocked, id=18244, stack(0x00000038b5200000,0x00000038b5300000)]
  0x000002367f03d960 JavaThread "Unconstrained build operations Thread 80" [_thread_blocked, id=21876, stack(0x00000038b5300000,0x00000038b5400000)]

Other Threads:
=>0x000002367a0e4060 VMThread "VM Thread" [stack: 0x00000038acc00000,0x00000038acd00000] [id=21720]
  0x000002367a397780 WatcherThread [stack: 0x00000038ad800000,0x00000038ad900000] [id=7732]
  0x000002365b02b200 GCTaskThread "GC Thread#0" [stack: 0x00000038ac700000,0x00000038ac800000] [id=15760]
  0x000002367a6a8b50 GCTaskThread "GC Thread#1" [stack: 0x00000038ad900000,0x00000038ada00000] [id=20928]
  0x000002367a4b3250 GCTaskThread "GC Thread#2" [stack: 0x00000038ada00000,0x00000038adb00000] [id=4880]
  0x000002367a4fe1d0 GCTaskThread "GC Thread#3" [stack: 0x00000038adb00000,0x00000038adc00000] [id=17252]
  0x000002367f749050 GCTaskThread "GC Thread#4" [stack: 0x00000038adc00000,0x00000038add00000] [id=19172]
  0x0000023615342040 GCTaskThread "GC Thread#5" [stack: 0x00000038ae800000,0x00000038ae900000] [id=6216]
  0x0000023615685b60 GCTaskThread "GC Thread#6" [stack: 0x00000038ae900000,0x00000038aea00000] [id=18176]
  0x00000236155c70e0 GCTaskThread "GC Thread#7" [stack: 0x00000038aea00000,0x00000038aeb00000] [id=6916]
  0x000002365b038150 ConcurrentGCThread "G1 Main Marker" [stack: 0x00000038ac800000,0x00000038ac900000] [id=6408]
  0x000002365b039310 ConcurrentGCThread "G1 Conc#0" [stack: 0x00000038ac900000,0x00000038aca00000] [id=19376]
  0x0000023615f15320 ConcurrentGCThread "G1 Conc#1" [stack: 0x00000038af000000,0x00000038af100000] [id=14468]
  0x000002365b0895b0 ConcurrentGCThread "G1 Refine#0" [stack: 0x00000038aca00000,0x00000038acb00000] [id=14708]
  0x000002367f380a60 ConcurrentGCThread "G1 Refine#1" [stack: 0x00000038add00000,0x00000038ade00000] [id=18892]
  0x000002365b08aff0 ConcurrentGCThread "G1 Service" [stack: 0x00000038acb00000,0x00000038acc00000] [id=12640]

Threads with active compile tasks:
C2 CompilerThread0  30586 9976   !   4       org.gradle.internal.service.DefaultServiceRegistry$ManagedObjectServiceProvider::getInstance (47 bytes)

VM state: at safepoint (normal execution)

VM Mutex/Monitor currently owned by a thread:  ([mutex/lock_event])
[0x000002365afda780] Threads_lock - owner thread: 0x000002367a0e4060
[0x000002365afdb590] Heap_lock - owner thread: 0x0000023615682830

Heap address: 0x00000000a0000000, size: 1536 MB, Compressed Oops mode: 32-bit

CDS archive(s) mapped at: [0x0000023600000000-0x0000023600bb0000-0x0000023600bb0000), size 12255232, SharedBaseAddress: 0x0000023600000000, ArchiveRelocationMode: 1.
Compressed class space mapped at: 0x0000023601000000-0x0000023615000000, reserved size: 335544320
Narrow klass base: 0x0000023600000000, Narrow klass shift: 0, Narrow klass range: 0x100000000

GC Precious Log:
 CPUs: 8 total, 8 available
 Memory: 3879M
 Large Page Support: Disabled
 NUMA Support: Disabled
 Compressed Oops: Enabled (32-bit)
 Heap Region Size: 1M
 Heap Min Capacity: 8M
 Heap Initial Capacity: 62M
 Heap Max Capacity: 1536M
 Pre-touch: Disabled
 Parallel Workers: 8
 Concurrent Workers: 2
 Concurrent Refinement Workers: 8
 Periodic GC: Disabled

Heap:
 garbage-first heap   total 128000K, used 87941K [0x00000000a0000000, 0x0000000100000000)
  region size 1024K, 2 young (2048K), 2 survivors (2048K)
 Metaspace       used 68824K, committed 69568K, reserved 393216K
  class space    used 9834K, committed 10176K, reserved 327680K

Heap Regions: E=young(eden), S=young(survivor), O=old, HS=humongous(starts), HC=humongous(continues), CS=collection set, F=free, OA=open archive, CA=closed archive, TAMS=top-at-mark-start (previous, next)
|   0|0x00000000a0000000, 0x00000000a0100000, 0x00000000a0100000|100%|HS|  |TAMS 0x00000000a0100000, 0x00000000a0000000| Complete 
|   1|0x00000000a0100000, 0x00000000a0200000, 0x00000000a0200000|100%|HC|  |TAMS 0x00000000a0200000, 0x00000000a0100000| Complete 
|   2|0x00000000a0200000, 0x00000000a0300000, 0x00000000a0300000|100%|HC|  |TAMS 0x00000000a0300000, 0x00000000a0200000| Complete 
|   3|0x00000000a0300000, 0x00000000a0400000, 0x00000000a0400000|100%| O|  |TAMS 0x00000000a0400000, 0x00000000a0300000| Untracked 
|   4|0x00000000a0400000, 0x00000000a0500000, 0x00000000a0500000|100%| O|  |TAMS 0x00000000a0500000, 0x00000000a0400000| Untracked 
|   5|0x00000000a0500000, 0x00000000a0600000, 0x00000000a0600000|100%| O|  |TAMS 0x00000000a0600000, 0x00000000a0500000| Untracked 
|   6|0x00000000a0600000, 0x00000000a0700000, 0x00000000a0700000|100%| O|  |TAMS 0x00000000a0700000, 0x00000000a0600000| Untracked 
|   7|0x00000000a0700000, 0x00000000a0800000, 0x00000000a0800000|100%| O|  |TAMS 0x00000000a0800000, 0x00000000a0700000| Untracked 
|   8|0x00000000a0800000, 0x00000000a0900000, 0x00000000a0900000|100%| O|  |TAMS 0x00000000a0900000, 0x00000000a0800000| Untracked 
|   9|0x00000000a0900000, 0x00000000a0a00000, 0x00000000a0a00000|100%| O|  |TAMS 0x00000000a0a00000, 0x00000000a0900000| Untracked 
|  10|0x00000000a0a00000, 0x00000000a0b00000, 0x00000000a0b00000|100%| O|  |TAMS 0x00000000a0b00000, 0x00000000a0a00000| Untracked 
|  11|0x00000000a0b00000, 0x00000000a0c00000, 0x00000000a0c00000|100%|HS|  |TAMS 0x00000000a0c00000, 0x00000000a0b00000| Complete 
|  12|0x00000000a0c00000, 0x00000000a0d00000, 0x00000000a0d00000|100%| O|  |TAMS 0x00000000a0d00000, 0x00000000a0c00000| Untracked 
|  13|0x00000000a0d00000, 0x00000000a0e00000, 0x00000000a0e00000|100%| O|  |TAMS 0x00000000a0e00000, 0x00000000a0d00000| Untracked 
|  14|0x00000000a0e00000, 0x00000000a0f00000, 0x00000000a0f00000|100%| O|  |TAMS 0x00000000a0f00000, 0x00000000a0e00000| Untracked 
|  15|0x00000000a0f00000, 0x00000000a1000000, 0x00000000a1000000|100%| O|  |TAMS 0x00000000a1000000, 0x00000000a0f00000| Untracked 
|  16|0x00000000a1000000, 0x00000000a1100000, 0x00000000a1100000|100%| O|  |TAMS 0x00000000a1100000, 0x00000000a1000000| Untracked 
|  17|0x00000000a1100000, 0x00000000a1200000, 0x00000000a1200000|100%| O|  |TAMS 0x00000000a1200000, 0x00000000a1100000| Untracked 
|  18|0x00000000a1200000, 0x00000000a1300000, 0x00000000a1300000|100%| O|  |TAMS 0x00000000a1300000, 0x00000000a1200000| Untracked 
|  19|0x00000000a1300000, 0x00000000a1400000, 0x00000000a1400000|100%| O|  |TAMS 0x00000000a1400000, 0x00000000a1300000| Untracked 
|  20|0x00000000a1400000, 0x00000000a1500000, 0x00000000a1500000|100%| O|  |TAMS 0x00000000a1500000, 0x00000000a1400000| Untracked 
|  21|0x00000000a1500000, 0x00000000a1600000, 0x00000000a1600000|100%| O|  |TAMS 0x00000000a1600000, 0x00000000a1500000| Untracked 
|  22|0x00000000a1600000, 0x00000000a1700000, 0x00000000a1700000|100%| O|  |TAMS 0x00000000a1700000, 0x00000000a1600000| Untracked 
|  23|0x00000000a1700000, 0x00000000a1800000, 0x00000000a1800000|100%| O|  |TAMS 0x00000000a1800000, 0x00000000a1700000| Untracked 
|  24|0x00000000a1800000, 0x00000000a1900000, 0x00000000a1900000|100%| O|  |TAMS 0x00000000a1900000, 0x00000000a1800000| Untracked 
|  25|0x00000000a1900000, 0x00000000a1a00000, 0x00000000a1a00000|100%| O|  |TAMS 0x00000000a1a00000, 0x00000000a1900000| Untracked 
|  26|0x00000000a1a00000, 0x00000000a1b00000, 0x00000000a1b00000|100%| O|  |TAMS 0x00000000a1b00000, 0x00000000a1a00000| Untracked 
|  27|0x00000000a1b00000, 0x00000000a1c00000, 0x00000000a1c00000|100%| O|  |TAMS 0x00000000a1c00000, 0x00000000a1b00000| Untracked 
|  28|0x00000000a1c00000, 0x00000000a1d00000, 0x00000000a1d00000|100%| O|  |TAMS 0x00000000a1d00000, 0x00000000a1c00000| Untracked 
|  29|0x00000000a1d00000, 0x00000000a1e00000, 0x00000000a1e00000|100%|HS|  |TAMS 0x00000000a1d00000, 0x00000000a1d00000| Complete 
|  30|0x00000000a1e00000, 0x00000000a1f00000, 0x00000000a1f00000|100%| O|  |TAMS 0x00000000a1f00000, 0x00000000a1e00000| Untracked 
|  31|0x00000000a1f00000, 0x00000000a2000000, 0x00000000a2000000|100%| O|  |TAMS 0x00000000a2000000, 0x00000000a1f00000| Untracked 
|  32|0x00000000a2000000, 0x00000000a2100000, 0x00000000a2100000|100%| O|  |TAMS 0x00000000a2100000, 0x00000000a2000000| Untracked 
|  33|0x00000000a2100000, 0x00000000a2200000, 0x00000000a2200000|100%| O|  |TAMS 0x00000000a2200000, 0x00000000a2100000| Untracked 
|  34|0x00000000a2200000, 0x00000000a2300000, 0x00000000a2300000|100%| O|  |TAMS 0x00000000a2300000, 0x00000000a2200000| Untracked 
|  35|0x00000000a2300000, 0x00000000a2400000, 0x00000000a2400000|100%| O|  |TAMS 0x00000000a2400000, 0x00000000a2300000| Untracked 
|  36|0x00000000a2400000, 0x00000000a2500000, 0x00000000a2500000|100%| O|  |TAMS 0x00000000a2500000, 0x00000000a2400000| Untracked 
|  37|0x00000000a2500000, 0x00000000a2500000, 0x00000000a2600000|  0%| F|  |TAMS 0x00000000a2500000, 0x00000000a2500000| Untracked 
|  38|0x00000000a2600000, 0x00000000a2700000, 0x00000000a2700000|100%| O|  |TAMS 0x00000000a2700000, 0x00000000a2600000| Untracked 
|  39|0x00000000a2700000, 0x00000000a2800000, 0x00000000a2800000|100%|HS|  |TAMS 0x00000000a2800000, 0x00000000a2700000| Complete 
|  40|0x00000000a2800000, 0x00000000a2900000, 0x00000000a2900000|100%|HC|  |TAMS 0x00000000a2900000, 0x00000000a2800000| Complete 
|  41|0x00000000a2900000, 0x00000000a2a00000, 0x00000000a2a00000|100%|HS|  |TAMS 0x00000000a2a00000, 0x00000000a2900000| Complete 
|  42|0x00000000a2a00000, 0x00000000a2b00000, 0x00000000a2b00000|100%|HC|  |TAMS 0x00000000a2b00000, 0x00000000a2a00000| Complete 
|  43|0x00000000a2b00000, 0x00000000a2c00000, 0x00000000a2c00000|100%| O|  |TAMS 0x00000000a2c00000, 0x00000000a2b00000| Untracked 
|  44|0x00000000a2c00000, 0x00000000a2d00000, 0x00000000a2d00000|100%|HS|  |TAMS 0x00000000a2d00000, 0x00000000a2c00000| Complete 
|  45|0x00000000a2d00000, 0x00000000a2e00000, 0x00000000a2e00000|100%|HC|  |TAMS 0x00000000a2e00000, 0x00000000a2d00000| Complete 
|  46|0x00000000a2e00000, 0x00000000a2f00000, 0x00000000a2f00000|100%|HC|  |TAMS 0x00000000a2f00000, 0x00000000a2e00000| Complete 
|  47|0x00000000a2f00000, 0x00000000a3000000, 0x00000000a3000000|100%| O|  |TAMS 0x00000000a3000000, 0x00000000a2f00000| Untracked 
|  48|0x00000000a3000000, 0x00000000a3100000, 0x00000000a3100000|100%| O|  |TAMS 0x00000000a3100000, 0x00000000a3000000| Untracked 
|  49|0x00000000a3100000, 0x00000000a3200000, 0x00000000a3200000|100%| O|  |TAMS 0x00000000a3200000, 0x00000000a3100000| Untracked 
|  50|0x00000000a3200000, 0x00000000a3300000, 0x00000000a3300000|100%| O|  |TAMS 0x00000000a3300000, 0x00000000a3200000| Untracked 
|  51|0x00000000a3300000, 0x00000000a3400000, 0x00000000a3400000|100%|HS|  |TAMS 0x00000000a3400000, 0x00000000a3300000| Complete 
|  52|0x00000000a3400000, 0x00000000a3500000, 0x00000000a3500000|100%|HC|  |TAMS 0x00000000a3500000, 0x00000000a3400000| Complete 
|  53|0x00000000a3500000, 0x00000000a3600000, 0x00000000a3600000|100%|HC|  |TAMS 0x00000000a3600000, 0x00000000a3500000| Complete 
|  54|0x00000000a3600000, 0x00000000a3700000, 0x00000000a3700000|100%| O|  |TAMS 0x00000000a3700000, 0x00000000a3600000| Untracked 
|  55|0x00000000a3700000, 0x00000000a3800000, 0x00000000a3800000|100%| O|  |TAMS 0x00000000a3800000, 0x00000000a3700000| Untracked 
|  56|0x00000000a3800000, 0x00000000a3900000, 0x00000000a3900000|100%| O|  |TAMS 0x00000000a3900000, 0x00000000a3800000| Untracked 
|  57|0x00000000a3900000, 0x00000000a3a00000, 0x00000000a3a00000|100%| O|  |TAMS 0x00000000a3a00000, 0x00000000a3900000| Untracked 
|  58|0x00000000a3a00000, 0x00000000a3b00000, 0x00000000a3b00000|100%| O|  |TAMS 0x00000000a3b00000, 0x00000000a3a00000| Untracked 
|  59|0x00000000a3b00000, 0x00000000a3c00000, 0x00000000a3c00000|100%| O|  |TAMS 0x00000000a3c00000, 0x00000000a3b00000| Untracked 
|  60|0x00000000a3c00000, 0x00000000a3d00000, 0x00000000a3d00000|100%| O|  |TAMS 0x00000000a3d00000, 0x00000000a3c00000| Untracked 
|  61|0x00000000a3d00000, 0x00000000a3e00000, 0x00000000a3e00000|100%| O|  |TAMS 0x00000000a3e00000, 0x00000000a3d00000| Untracked 
|  62|0x00000000a3e00000, 0x00000000a3f00000, 0x00000000a3f00000|100%| O|  |TAMS 0x00000000a3f00000, 0x00000000a3e00000| Untracked 
|  63|0x00000000a3f00000, 0x00000000a4000000, 0x00000000a4000000|100%| O|  |TAMS 0x00000000a4000000, 0x00000000a3f00000| Untracked 
|  64|0x00000000a4000000, 0x00000000a4100000, 0x00000000a4100000|100%| O|  |TAMS 0x00000000a4100000, 0x00000000a4000000| Untracked 
|  65|0x00000000a4100000, 0x00000000a4200000, 0x00000000a4200000|100%| O|  |TAMS 0x00000000a4200000, 0x00000000a4100000| Untracked 
|  66|0x00000000a4200000, 0x00000000a4300000, 0x00000000a4300000|100%| O|  |TAMS 0x00000000a4300000, 0x00000000a4200000| Untracked 
|  67|0x00000000a4300000, 0x00000000a4400000, 0x00000000a4400000|100%| O|  |TAMS 0x00000000a4400000, 0x00000000a4300000| Untracked 
|  68|0x00000000a4400000, 0x00000000a4500000, 0x00000000a4500000|100%| O|  |TAMS 0x00000000a44eb600, 0x00000000a4400000| Untracked 
|  69|0x00000000a4500000, 0x00000000a4600000, 0x00000000a4600000|100%|HS|  |TAMS 0x00000000a4500000, 0x00000000a4500000| Complete 
|  70|0x00000000a4600000, 0x00000000a4700000, 0x00000000a4700000|100%|HS|  |TAMS 0x00000000a4600000, 0x00000000a4600000| Complete 
|  71|0x00000000a4700000, 0x00000000a4800000, 0x00000000a4800000|100%|HC|  |TAMS 0x00000000a4700000, 0x00000000a4700000| Complete 
|  72|0x00000000a4800000, 0x00000000a4900000, 0x00000000a4900000|100%|HS|  |TAMS 0x00000000a4800000, 0x00000000a4800000| Complete 
|  73|0x00000000a4900000, 0x00000000a4a00000, 0x00000000a4a00000|100%|HS|  |TAMS 0x00000000a4900000, 0x00000000a4900000| Complete 
|  74|0x00000000a4a00000, 0x00000000a4b00000, 0x00000000a4b00000|100%| O|  |TAMS 0x00000000a4a00000, 0x00000000a4a00000| Untracked 
|  75|0x00000000a4b00000, 0x00000000a4c00000, 0x00000000a4c00000|100%| O|  |TAMS 0x00000000a4b00000, 0x00000000a4b00000| Untracked 
|  76|0x00000000a4c00000, 0x00000000a4d00000, 0x00000000a4d00000|100%| O|  |TAMS 0x00000000a4c00000, 0x00000000a4c00000| Untracked 
|  77|0x00000000a4d00000, 0x00000000a4e00000, 0x00000000a4e00000|100%| O|  |TAMS 0x00000000a4d00000, 0x00000000a4d00000| Untracked 
|  78|0x00000000a4e00000, 0x00000000a4f00000, 0x00000000a4f00000|100%| O|  |TAMS 0x00000000a4e00000, 0x00000000a4e00000| Untracked 
|  79|0x00000000a4f00000, 0x00000000a5000000, 0x00000000a5000000|100%| O|  |TAMS 0x00000000a4f00000, 0x00000000a4f00000| Untracked 
|  80|0x00000000a5000000, 0x00000000a5100000, 0x00000000a5100000|100%| O|  |TAMS 0x00000000a5000000, 0x00000000a5000000| Untracked 
|  81|0x00000000a5100000, 0x00000000a5200000, 0x00000000a5200000|100%| O|  |TAMS 0x00000000a5100000, 0x00000000a5100000| Untracked 
|  82|0x00000000a5200000, 0x00000000a5300000, 0x00000000a5300000|100%| O|  |TAMS 0x00000000a5200000, 0x00000000a5200000| Untracked 
|  83|0x00000000a5300000, 0x00000000a5400000, 0x00000000a5400000|100%|HS|  |TAMS 0x00000000a5300000, 0x00000000a5300000| Complete 
|  84|0x00000000a5400000, 0x00000000a5500000, 0x00000000a5500000|100%|HC|  |TAMS 0x00000000a5400000, 0x00000000a5400000| Complete 
|  85|0x00000000a5500000, 0x00000000a5500000, 0x00000000a5600000|  0%| F|  |TAMS 0x00000000a5500000, 0x00000000a5500000| Untracked 
|  86|0x00000000a5600000, 0x00000000a5600000, 0x00000000a5700000|  0%| F|  |TAMS 0x00000000a5600000, 0x00000000a5600000| Untracked 
|  87|0x00000000a5700000, 0x00000000a5759600, 0x00000000a5800000| 34%| O|  |TAMS 0x00000000a5700000, 0x00000000a5700000| Untracked 
|  88|0x00000000a5800000, 0x00000000a5800000, 0x00000000a5900000|  0%| F|  |TAMS 0x00000000a5800000, 0x00000000a5800000| Untracked 
|  89|0x00000000a5900000, 0x00000000a5900000, 0x00000000a5a00000|  0%| F|  |TAMS 0x00000000a5900000, 0x00000000a5900000| Untracked 
|  90|0x00000000a5a00000, 0x00000000a5a00000, 0x00000000a5b00000|  0%| F|  |TAMS 0x00000000a5a00000, 0x00000000a5a00000| Untracked 
|  91|0x00000000a5b00000, 0x00000000a5b00000, 0x00000000a5c00000|  0%| F|  |TAMS 0x00000000a5b00000, 0x00000000a5b00000| Untracked 
|  92|0x00000000a5c00000, 0x00000000a5c00000, 0x00000000a5d00000|  0%| F|  |TAMS 0x00000000a5c00000, 0x00000000a5c00000| Untracked 
|  93|0x00000000a5d00000, 0x00000000a5d00000, 0x00000000a5e00000|  0%| F|  |TAMS 0x00000000a5d00000, 0x00000000a5d00000| Untracked 
|  94|0x00000000a5e00000, 0x00000000a5e00000, 0x00000000a5f00000|  0%| F|  |TAMS 0x00000000a5e00000, 0x00000000a5e00000| Untracked 
|  95|0x00000000a5f00000, 0x00000000a5f00000, 0x00000000a6000000|  0%| F|  |TAMS 0x00000000a5f00000, 0x00000000a5f00000| Untracked 
|  96|0x00000000a6000000, 0x00000000a6000000, 0x00000000a6100000|  0%| F|  |TAMS 0x00000000a6000000, 0x00000000a6000000| Untracked 
|  97|0x00000000a6100000, 0x00000000a6100000, 0x00000000a6200000|  0%| F|  |TAMS 0x00000000a6100000, 0x00000000a6100000| Untracked 
|  98|0x00000000a6200000, 0x00000000a6200000, 0x00000000a6300000|  0%| F|  |TAMS 0x00000000a6200000, 0x00000000a6200000| Untracked 
|  99|0x00000000a6300000, 0x00000000a6300000, 0x00000000a6400000|  0%| F|  |TAMS 0x00000000a6300000, 0x00000000a6300000| Untracked 
| 100|0x00000000a6400000, 0x00000000a6400000, 0x00000000a6500000|  0%| F|  |TAMS 0x00000000a6400000, 0x00000000a6400000| Untracked 
| 101|0x00000000a6500000, 0x00000000a6500000, 0x00000000a6600000|  0%| F|  |TAMS 0x00000000a6500000, 0x00000000a6500000| Untracked 
| 102|0x00000000a6600000, 0x00000000a6600000, 0x00000000a6700000|  0%| F|  |TAMS 0x00000000a6600000, 0x00000000a6600000| Untracked 
| 103|0x00000000a6700000, 0x00000000a6788198, 0x00000000a6800000| 53%| S|CS|TAMS 0x00000000a6700000, 0x00000000a6700000| Complete 
| 104|0x00000000a6800000, 0x00000000a6900000, 0x00000000a6900000|100%| S|CS|TAMS 0x00000000a6800000, 0x00000000a6800000| Complete 
| 105|0x00000000a6900000, 0x00000000a6900000, 0x00000000a6a00000|  0%| F|  |TAMS 0x00000000a6900000, 0x00000000a6900000| Untracked 
| 106|0x00000000a6a00000, 0x00000000a6a00000, 0x00000000a6b00000|  0%| F|  |TAMS 0x00000000a6a00000, 0x00000000a6a00000| Untracked 
| 107|0x00000000a6b00000, 0x00000000a6b00000, 0x00000000a6c00000|  0%| F|  |TAMS 0x00000000a6b00000, 0x00000000a6b00000| Untracked 
| 108|0x00000000a6c00000, 0x00000000a6c00000, 0x00000000a6d00000|  0%| F|  |TAMS 0x00000000a6c00000, 0x00000000a6c00000| Untracked 
| 109|0x00000000a6d00000, 0x00000000a6d00000, 0x00000000a6e00000|  0%| F|  |TAMS 0x00000000a6d00000, 0x00000000a6d00000| Untracked 
| 110|0x00000000a6e00000, 0x00000000a6e00000, 0x00000000a6f00000|  0%| F|  |TAMS 0x00000000a6e00000, 0x00000000a6e00000| Untracked 
| 111|0x00000000a6f00000, 0x00000000a6f00000, 0x00000000a7000000|  0%| F|  |TAMS 0x00000000a6f00000, 0x00000000a6f00000| Untracked 
| 112|0x00000000a7000000, 0x00000000a7000000, 0x00000000a7100000|  0%| F|  |TAMS 0x00000000a7000000, 0x00000000a7000000| Untracked 
| 113|0x00000000a7100000, 0x00000000a7100000, 0x00000000a7200000|  0%| F|  |TAMS 0x00000000a7100000, 0x00000000a7100000| Untracked 
| 114|0x00000000a7200000, 0x00000000a7200000, 0x00000000a7300000|  0%| F|  |TAMS 0x00000000a7200000, 0x00000000a7200000| Untracked 
| 115|0x00000000a7300000, 0x00000000a7300000, 0x00000000a7400000|  0%| F|  |TAMS 0x00000000a7300000, 0x00000000a7300000| Untracked 
| 116|0x00000000a7400000, 0x00000000a7400000, 0x00000000a7500000|  0%| F|  |TAMS 0x00000000a7400000, 0x00000000a7400000| Untracked 
| 117|0x00000000a7500000, 0x00000000a7500000, 0x00000000a7600000|  0%| F|  |TAMS 0x00000000a7500000, 0x00000000a7500000| Untracked 
| 118|0x00000000a7600000, 0x00000000a7600000, 0x00000000a7700000|  0%| F|  |TAMS 0x00000000a7600000, 0x00000000a7600000| Untracked 
| 119|0x00000000a7700000, 0x00000000a7700000, 0x00000000a7800000|  0%| F|  |TAMS 0x00000000a7700000, 0x00000000a7700000| Untracked 
| 120|0x00000000a7800000, 0x00000000a7800000, 0x00000000a7900000|  0%| F|  |TAMS 0x00000000a7800000, 0x00000000a7800000| Untracked 
| 121|0x00000000a7900000, 0x00000000a7900000, 0x00000000a7a00000|  0%| F|  |TAMS 0x00000000a7900000, 0x00000000a7900000| Untracked 
| 122|0x00000000a7a00000, 0x00000000a7a00000, 0x00000000a7b00000|  0%| F|  |TAMS 0x00000000a7a00000, 0x00000000a7a00000| Untracked 
| 123|0x00000000a7b00000, 0x00000000a7b00000, 0x00000000a7c00000|  0%| F|  |TAMS 0x00000000a7b00000, 0x00000000a7b00000| Untracked 
| 124|0x00000000a7c00000, 0x00000000a7c00000, 0x00000000a7d00000|  0%| F|  |TAMS 0x00000000a7c00000, 0x00000000a7c00000| Untracked 

Card table byte_map: [0x00000236740b0000,0x00000236743b0000] _byte_map_base: 0x0000023673bb0000

Marking Bits (Prev, Next): (CMBitMap*) 0x000002365b02b820, (CMBitMap*) 0x000002365b02b860
 Prev Bits: [0x00000236746b0000, 0x0000023675eb0000)
 Next Bits: [0x0000023675eb0000, 0x00000236776b0000)

Polling page: 0x0000023664320000

Metaspace:

Usage:
  Non-class:     57.61 MB used.
      Class:      9.60 MB used.
       Both:     67.21 MB used.

Virtual space:
  Non-class space:       64.00 MB reserved,      58.00 MB ( 91%) committed,  1 nodes.
      Class space:      320.00 MB reserved,       9.94 MB (  3%) committed,  1 nodes.
             Both:      384.00 MB reserved,      67.94 MB ( 18%) committed. 

Chunk freelists:
   Non-Class:  5.53 MB
       Class:  5.89 MB
        Both:  11.42 MB

MaxMetaspaceSize: 384.00 MB
CompressedClassSpaceSize: 320.00 MB
Initial GC threshold: 21.00 MB
Current GC threshold: 110.94 MB
CDS: on
MetaspaceReclaimPolicy: balanced
 - commit_granule_bytes: 65536.
 - commit_granule_words: 8192.
 - virtual_space_node_default_size: 8388608.
 - enlarge_chunks_in_place: 1.
 - new_chunks_are_fully_committed: 0.
 - uncommit_free_chunks: 1.
 - use_allocation_guard: 0.
 - handle_deallocations: 1.


Internal statistics:

num_allocs_failed_limit: 3.
num_arena_births: 918.
num_arena_deaths: 0.
num_vsnodes_births: 2.
num_vsnodes_deaths: 0.
num_space_committed: 1087.
num_space_uncommitted: 0.
num_chunks_returned_to_freelist: 3.
num_chunks_taken_from_freelist: 3932.
num_chunk_merges: 3.
num_chunk_splits: 2508.
num_chunks_enlarged: 1587.
num_inconsistent_stats: 0.

CodeHeap 'non-profiled nmethods': size=120000Kb used=5082Kb max_used=5082Kb free=114917Kb
 bounds [0x000002366be10000, 0x000002366c310000, 0x0000023673340000]
CodeHeap 'profiled nmethods': size=120000Kb used=17790Kb max_used=17790Kb free=102210Kb
 bounds [0x0000023664340000, 0x00000236654a0000, 0x000002366b870000]
CodeHeap 'non-nmethods': size=5760Kb used=1695Kb max_used=1741Kb free=4064Kb
 bounds [0x000002366b870000, 0x000002366bae0000, 0x000002366be10000]
 total_blobs=9999 nmethods=9226 adapters=685
 compilation: enabled
              stopped_count=0, restarted_count=0
 full_count=0

Compilation events (20 events):
Event: 30.465 Thread 0x000002367a107bf0 10083       3       java.net.URLClassLoader$2::run (5 bytes)
Event: 30.465 Thread 0x000002367a107140 nmethod 10035 0x000002366c303b90 code [0x000002366c303d20, 0x000002366c304158]
Event: 30.465 Thread 0x000002367a107140 10042       4       java.lang.Number::<init> (5 bytes)
Event: 30.465 Thread 0x000002367a107bf0 nmethod 10083 0x000002366549da90 code [0x000002366549dc40, 0x000002366549de28]
Event: 30.465 Thread 0x000002367a107bf0 10084       3       java.net.URLClassLoader$2::run (16 bytes)
Event: 30.465 Thread 0x000002367a107140 nmethod 10042 0x000002366c304290 code [0x000002366c304400, 0x000002366c304478]
Event: 30.466 Thread 0x000002367a107bf0 nmethod 10084 0x000002366549df10 code [0x000002366549e0c0, 0x000002366549e228]
Event: 30.466 Thread 0x000002367a107140 10078       4       java.util.Optional::orElse (16 bytes)
Event: 30.466 Thread 0x000002367a107140 nmethod 10078 0x000002366c304590 code [0x000002366c304700, 0x000002366c304798]
Event: 30.466 Thread 0x000002367a107140 10008       4       org.gradle.api.internal.attributes.DefaultAttributesFactory::doConcatIsolatable (80 bytes)
Event: 30.474 Thread 0x000002367a107bf0 10085       3       org.gradle.api.internal.attributes.immutable.ImmutableAttributesSchemaFactory::convertStrategy (28 bytes)
Event: 30.475 Thread 0x000002367a107bf0 nmethod 10085 0x000002366549e310 code [0x000002366549e560, 0x000002366549ee98]
Event: 30.475 Thread 0x000002367a107bf0 10086       3       org.gradle.api.internal.attributes.DefaultCompatibilityRuleChain_Decorated::getRules (39 bytes)
Event: 30.475 Thread 0x000002367a107bf0 nmethod 10086 0x000002366549f190 code [0x000002366549f360, 0x000002366549f6d8]
Event: 30.475 Thread 0x000002367a107bf0 10087       1       org.gradle.api.internal.plugins.DefaultPotentialPluginWithId::getPluginId (5 bytes)
Event: 30.475 Thread 0x000002367a107bf0 nmethod 10087 0x000002366c304890 code [0x000002366c304a20, 0x000002366c304af8]
Event: 30.491 Thread 0x000002367a107140 nmethod 10008 0x000002366c304b90 code [0x000002366c304de0, 0x000002366c305ab0]
Event: 30.492 Thread 0x000002367a107140 9990       4       com.google.common.collect.RegularImmutableSet::iterator (8 bytes)
Event: 30.493 Thread 0x000002367a107140 nmethod 9990 0x000002366c306510 code [0x000002366c3066a0, 0x000002366c306838]
Event: 30.493 Thread 0x000002367a107140 9976   !   4       org.gradle.internal.service.DefaultServiceRegistry$ManagedObjectServiceProvider::getInstance (47 bytes)

GC Heap History (20 events):
Event: 23.858 GC heap after
{Heap after GC invocations=54 (full 0):
 garbage-first heap   total 106496K, used 59639K [0x00000000a0000000, 0x0000000100000000)
  region size 1024K, 1 young (1024K), 1 survivors (1024K)
 Metaspace       used 62345K, committed 62976K, reserved 393216K
  class space    used 8888K, committed 9152K, reserved 327680K
}
Event: 24.654 GC heap before
{Heap before GC invocations=54 (full 0):
 garbage-first heap   total 106496K, used 88311K [0x00000000a0000000, 0x0000000100000000)
  region size 1024K, 29 young (29696K), 1 survivors (1024K)
 Metaspace       used 64347K, committed 65024K, reserved 393216K
  class space    used 9203K, committed 9536K, reserved 327680K
}
Event: 24.658 GC heap after
{Heap after GC invocations=55 (full 0):
 garbage-first heap   total 128000K, used 60938K [0x00000000a0000000, 0x0000000100000000)
  region size 1024K, 2 young (2048K), 2 survivors (2048K)
 Metaspace       used 64347K, committed 65024K, reserved 393216K
  class space    used 9203K, committed 9536K, reserved 327680K
}
Event: 26.494 GC heap before
{Heap before GC invocations=56 (full 0):
 garbage-first heap   total 128000K, used 103946K [0x00000000a0000000, 0x0000000100000000)
  region size 1024K, 44 young (45056K), 2 survivors (2048K)
 Metaspace       used 66858K, committed 67584K, reserved 393216K
  class space    used 9631K, committed 9984K, reserved 327680K
}
Event: 26.502 GC heap after
{Heap after GC invocations=57 (full 0):
 garbage-first heap   total 128000K, used 65111K [0x00000000a0000000, 0x0000000100000000)
  region size 1024K, 6 young (6144K), 6 survivors (6144K)
 Metaspace       used 66858K, committed 67584K, reserved 393216K
  class space    used 9631K, committed 9984K, reserved 327680K
}
Event: 26.569 GC heap before
{Heap before GC invocations=57 (full 0):
 garbage-first heap   total 128000K, used 66135K [0x00000000a0000000, 0x0000000100000000)
  region size 1024K, 7 young (7168K), 6 survivors (6144K)
 Metaspace       used 66874K, committed 67584K, reserved 393216K
  class space    used 9631K, committed 9984K, reserved 327680K
}
Event: 26.583 GC heap after
{Heap after GC invocations=58 (full 0):
 garbage-first heap   total 128000K, used 65094K [0x00000000a0000000, 0x0000000100000000)
  region size 1024K, 1 young (1024K), 1 survivors (1024K)
 Metaspace       used 66874K, committed 67584K, reserved 393216K
  class space    used 9631K, committed 9984K, reserved 327680K
}
Event: 27.876 GC heap before
{Heap before GC invocations=58 (full 0):
 garbage-first heap   total 128000K, used 102982K [0x00000000a0000000, 0x0000000100000000)
  region size 1024K, 39 young (39936K), 1 survivors (1024K)
 Metaspace       used 67428K, committed 68160K, reserved 393216K
  class space    used 9653K, committed 9984K, reserved 327680K
}
Event: 27.883 GC heap after
{Heap after GC invocations=59 (full 0):
 garbage-first heap   total 128000K, used 68653K [0x00000000a0000000, 0x0000000100000000)
  region size 1024K, 5 young (5120K), 5 survivors (5120K)
 Metaspace       used 67428K, committed 68160K, reserved 393216K
  class space    used 9653K, committed 9984K, reserved 327680K
}
Event: 28.444 GC heap before
{Heap before GC invocations=60 (full 0):
 garbage-first heap   total 128000K, used 102445K [0x00000000a0000000, 0x0000000100000000)
  region size 1024K, 39 young (39936K), 5 survivors (5120K)
 Metaspace       used 67466K, committed 68160K, reserved 393216K
  class space    used 9654K, committed 9984K, reserved 327680K
}
Event: 28.454 GC heap after
{Heap after GC invocations=61 (full 0):
 garbage-first heap   total 128000K, used 70254K [0x00000000a0000000, 0x0000000100000000)
  region size 1024K, 2 young (2048K), 2 survivors (2048K)
 Metaspace       used 67466K, committed 68160K, reserved 393216K
  class space    used 9654K, committed 9984K, reserved 327680K
}
Event: 28.526 GC heap before
{Heap before GC invocations=61 (full 0):
 garbage-first heap   total 128000K, used 74350K [0x00000000a0000000, 0x0000000100000000)
  region size 1024K, 6 young (6144K), 2 survivors (2048K)
 Metaspace       used 67467K, committed 68160K, reserved 393216K
  class space    used 9654K, committed 9984K, reserved 327680K
}
Event: 28.530 GC heap after
{Heap after GC invocations=62 (full 0):
 garbage-first heap   total 128000K, used 69928K [0x00000000a0000000, 0x0000000100000000)
  region size 1024K, 1 young (1024K), 1 survivors (1024K)
 Metaspace       used 67467K, committed 68160K, reserved 393216K
  class space    used 9654K, committed 9984K, reserved 327680K
}
Event: 28.952 GC heap before
{Heap before GC invocations=62 (full 0):
 garbage-first heap   total 128000K, used 104744K [0x00000000a0000000, 0x0000000100000000)
  region size 1024K, 36 young (36864K), 1 survivors (1024K)
 Metaspace       used 67473K, committed 68160K, reserved 393216K
  class space    used 9654K, committed 9984K, reserved 327680K
}
Event: 28.956 GC heap after
{Heap after GC invocations=63 (full 0):
 garbage-first heap   total 128000K, used 71038K [0x00000000a0000000, 0x0000000100000000)
  region size 1024K, 2 young (2048K), 2 survivors (2048K)
 Metaspace       used 67473K, committed 68160K, reserved 393216K
  class space    used 9654K, committed 9984K, reserved 327680K
}
Event: 29.977 GC heap before
{Heap before GC invocations=64 (full 0):
 garbage-first heap   total 128000K, used 113022K [0x00000000a0000000, 0x0000000100000000)
  region size 1024K, 37 young (37888K), 2 survivors (2048K)
 Metaspace       used 68354K, committed 69056K, reserved 393216K
  class space    used 9759K, committed 10112K, reserved 327680K
}
Event: 29.984 GC heap after
{Heap after GC invocations=65 (full 0):
 garbage-first heap   total 128000K, used 84421K [0x00000000a0000000, 0x0000000100000000)
  region size 1024K, 5 young (5120K), 5 survivors (5120K)
 Metaspace       used 68354K, committed 69056K, reserved 393216K
  class space    used 9759K, committed 10112K, reserved 327680K
}
Event: 30.043 GC heap before
{Heap before GC invocations=65 (full 0):
 garbage-first heap   total 128000K, used 84421K [0x00000000a0000000, 0x0000000100000000)
  region size 1024K, 6 young (6144K), 5 survivors (5120K)
 Metaspace       used 68409K, committed 69120K, reserved 393216K
  class space    used 9766K, committed 10112K, reserved 327680K
}
Event: 30.048 GC heap after
{Heap after GC invocations=66 (full 0):
 garbage-first heap   total 128000K, used 84709K [0x00000000a0000000, 0x0000000100000000)
  region size 1024K, 1 young (1024K), 1 survivors (1024K)
 Metaspace       used 68409K, committed 69120K, reserved 393216K
  class space    used 9766K, committed 10112K, reserved 327680K
}
Event: 30.531 GC heap before
{Heap before GC invocations=66 (full 0):
 garbage-first heap   total 128000K, used 106213K [0x00000000a0000000, 0x0000000100000000)
  region size 1024K, 20 young (20480K), 1 survivors (1024K)
 Metaspace       used 68824K, committed 69568K, reserved 393216K
  class space    used 9834K, committed 10176K, reserved 327680K
}

Dll operation events (15 events):
Event: 0.015 Loaded shared library C:\Program Files\Eclipse Adoptium\jdk-17.0.19.10-hotspot\bin\java.dll
Event: 0.043 Loaded shared library C:\Program Files\Eclipse Adoptium\jdk-17.0.19.10-hotspot\bin\jsvml.dll
Event: 0.175 Loaded shared library C:\Program Files\Eclipse Adoptium\jdk-17.0.19.10-hotspot\bin\zip.dll
Event: 0.183 Loaded shared library C:\Program Files\Eclipse Adoptium\jdk-17.0.19.10-hotspot\bin\instrument.dll
Event: 0.197 Loaded shared library C:\Program Files\Eclipse Adoptium\jdk-17.0.19.10-hotspot\bin\net.dll
Event: 0.200 Loaded shared library C:\Program Files\Eclipse Adoptium\jdk-17.0.19.10-hotspot\bin\nio.dll
Event: 0.208 Loaded shared library C:\Program Files\Eclipse Adoptium\jdk-17.0.19.10-hotspot\bin\zip.dll
Event: 0.843 Loaded shared library C:\Program Files\Eclipse Adoptium\jdk-17.0.19.10-hotspot\bin\jimage.dll
Event: 1.264 Loaded shared library C:\Program Files\Eclipse Adoptium\jdk-17.0.19.10-hotspot\bin\verify.dll
Event: 1.384 Loaded shared library C:\Users\Lenovo\.gradle\native\1def1411415f61bf3af743bc5b6707747c0891f09f0c88961ee8f79bc544acac\windows-amd64\native-platform.dll
Event: 1.402 Loaded shared library C:\Users\Lenovo\.gradle\native\0.2.7\x86_64-windows-gnu\gradle-fileevents.dll
Event: 3.512 Loaded shared library C:\Program Files\Eclipse Adoptium\jdk-17.0.19.10-hotspot\bin\management.dll
Event: 3.518 Loaded shared library C:\Program Files\Eclipse Adoptium\jdk-17.0.19.10-hotspot\bin\management_ext.dll
Event: 3.767 Loaded shared library C:\Program Files\Eclipse Adoptium\jdk-17.0.19.10-hotspot\bin\extnet.dll
Event: 4.324 Loaded shared library C:\Program Files\Eclipse Adoptium\jdk-17.0.19.10-hotspot\bin\sunmscapi.dll

Deoptimization events (20 events):
Event: 30.185 Thread 0x000002367f4751d0 DEOPT PACKING pc=0x000002366543b910 sp=0x00000038afefc580
Event: 30.185 Thread 0x000002367f4751d0 DEOPT UNPACKING pc=0x000002366b8cace3 sp=0x00000038afefba88 mode 0
Event: 30.233 Thread 0x000002367f476610 DEOPT PACKING pc=0x000002366543b910 sp=0x00000038afdfc3e0
Event: 30.233 Thread 0x000002367f476610 DEOPT UNPACKING pc=0x000002366b8cace3 sp=0x00000038afdfb8e8 mode 0
Event: 30.253 Thread 0x0000023615682830 DEOPT PACKING pc=0x000002366543b910 sp=0x00000038ae4f94a0
Event: 30.253 Thread 0x0000023615682830 DEOPT UNPACKING pc=0x000002366b8cace3 sp=0x00000038ae4f89a8 mode 0
Event: 30.271 Thread 0x0000023615682830 DEOPT PACKING pc=0x000002366543b910 sp=0x00000038ae4f83e0
Event: 30.271 Thread 0x0000023615682830 DEOPT UNPACKING pc=0x000002366b8cace3 sp=0x00000038ae4f78e8 mode 0
Event: 30.318 Thread 0x0000023615682830 DEOPT PACKING pc=0x000002366544efcb sp=0x00000038ae4f9090
Event: 30.318 Thread 0x0000023615682830 DEOPT UNPACKING pc=0x000002366b8cace3 sp=0x00000038ae4f85b0 mode 0
Event: 30.354 Thread 0x0000023615682830 Uncommon trap: trap_request=0xffffff45 fr.pc=0x000002366c2e9468 relative=0x0000000000000868
Event: 30.354 Thread 0x0000023615682830 Uncommon trap: reason=unstable_if action=reinterpret pc=0x000002366c2e9468 method=org.apache.commons.io.FilenameUtils.doNormalize(Ljava/lang/String;CZ)Ljava/lang/String; @ 215 c2
Event: 30.354 Thread 0x0000023615682830 DEOPT PACKING pc=0x000002366c2e9468 sp=0x00000038ae4f9700
Event: 30.354 Thread 0x0000023615682830 DEOPT UNPACKING pc=0x000002366b8ca1a3 sp=0x00000038ae4f9698 mode 2
Event: 30.358 Thread 0x0000023615682830 DEOPT PACKING pc=0x000002366543b910 sp=0x00000038ae4f7b20
Event: 30.358 Thread 0x0000023615682830 DEOPT UNPACKING pc=0x000002366b8cace3 sp=0x00000038ae4f7028 mode 0
Event: 30.361 Thread 0x0000023615682830 Uncommon trap: trap_request=0xffffff45 fr.pc=0x000002366c2575bc relative=0x000000000000009c
Event: 30.362 Thread 0x0000023615682830 Uncommon trap: reason=unstable_if action=reinterpret pc=0x000002366c2575bc method=org.gradle.tooling.internal.provider.runner.ClientBuildEventGenerator$Disabled.accept(Lorg/gradle/internal/operations/BuildOperationDescriptor;)Lorg/gradle/tooling/internal/
Event: 30.362 Thread 0x0000023615682830 DEOPT PACKING pc=0x000002366c2575bc sp=0x00000038ae4f8140
Event: 30.362 Thread 0x0000023615682830 DEOPT UNPACKING pc=0x000002366b8ca1a3 sp=0x00000038ae4f80e0 mode 2

Classes loaded (20 events):
Event: 25.190 Loading class java/util/stream/ReferencePipeline$4
Event: 25.191 Loading class java/util/stream/ReferencePipeline$4 done
Event: 25.192 Loading class java/util/stream/ReduceOps$6
Event: 25.192 Loading class java/util/stream/ReduceOps$6 done
Event: 25.192 Loading class java/util/stream/ReduceOps$5ReducingSink
Event: 25.192 Loading class java/util/stream/ReduceOps$5ReducingSink done
Event: 25.192 Loading class java/util/stream/ReferencePipeline$4$1
Event: 25.192 Loading class java/util/stream/ReferencePipeline$4$1 done
Event: 26.295 Loading class java/util/concurrent/ConcurrentLinkedQueue$Itr
Event: 26.295 Loading class java/util/concurrent/ConcurrentLinkedQueue$Itr done
Event: 26.700 Loading class java/util/Collections$ReverseComparator
Event: 26.700 Loading class java/util/Collections$ReverseComparator done
Event: 26.700 Loading class java/util/Collections$ReverseComparator2
Event: 26.701 Loading class java/util/Collections$ReverseComparator2 done
Event: 28.025 Loading class jdk/internal/access/foreign/MemorySegmentProxy
Event: 28.025 Loading class jdk/internal/access/foreign/MemorySegmentProxy done
Event: 29.445 Loading class java/io/NotSerializableException
Event: 29.445 Loading class java/io/NotSerializableException done
Event: 30.496 Loading class java/lang/ProcessBuilder
Event: 30.496 Loading class java/lang/ProcessBuilder done

Classes unloaded (0 events):
No events

Classes redefined (0 events):
No events

Internal exceptions (20 events):
Event: 25.225 Thread 0x00000236156fa5a0 Exception <a 'java/lang/NoSuchMethodError'{0x00000000a6e73b70}: 'int java.lang.invoke.DirectMethodHandle$Holder.invokeSpecial(java.lang.Object, java.lang.Object, java.lang.Object, java.lang.Object, java.lang.Object)'> (0x00000000a6e73b70) 
thrown [s\src\hotspot\share\interpreter\linkResolver.cpp, line 759]
Event: 25.394 Thread 0x00000236156fa5a0 Exception <a 'java/lang/IncompatibleClassChangeError'{0x00000000a6bf5478}: Found class java.lang.Object, but interface was expected> (0x00000000a6bf5478) 
thrown [s\src\hotspot\share\interpreter\linkResolver.cpp, line 826]
Event: 25.783 Thread 0x00000236156fa5a0 Exception <a 'java/lang/NoSuchMethodError'{0x00000000a6228ac0}: static Ljava/lang/Object;.<clinit>()V> (0x00000000a6228ac0) 
thrown [s\src\hotspot\share\prims\jni.cpp, line 1112]
Event: 26.108 Thread 0x00000236156fa5a0 Exception <a 'java/lang/NoSuchMethodError'{0x00000000a5af8588}: 'int java.lang.invoke.DirectMethodHandle$Holder.invokeStaticInit(java.lang.Object, java.lang.Object, java.lang.Object, java.lang.Object, java.lang.Object)'> (0x00000000a5af8588) 
thrown [s\src\hotspot\share\interpreter\linkResolver.cpp, line 759]
Event: 26.179 Thread 0x00000236156fa5a0 Exception <a 'sun/nio/fs/WindowsException'{0x00000000a58c6838}> (0x00000000a58c6838) 
thrown [s\src\hotspot\share\prims\jni.cpp, line 516]
Event: 26.181 Thread 0x00000236156fa5a0 Exception <a 'sun/nio/fs/WindowsException'{0x00000000a58c8ba8}> (0x00000000a58c8ba8) 
thrown [s\src\hotspot\share\prims\jni.cpp, line 516]
Event: 26.182 Thread 0x00000236156fa5a0 Exception <a 'sun/nio/fs/WindowsException'{0x00000000a58caca8}> (0x00000000a58caca8) 
thrown [s\src\hotspot\share\prims\jni.cpp, line 516]
Event: 26.183 Thread 0x00000236156fa5a0 Exception <a 'sun/nio/fs/WindowsException'{0x00000000a58ccad0}> (0x00000000a58ccad0) 
thrown [s\src\hotspot\share\prims\jni.cpp, line 516]
Event: 26.190 Thread 0x00000236156fa5a0 Exception <a 'sun/nio/fs/WindowsException'{0x00000000a58ff480}> (0x00000000a58ff480) 
thrown [s\src\hotspot\share\prims\jni.cpp, line 516]
Event: 26.190 Thread 0x00000236156fa5a0 Exception <a 'sun/nio/fs/WindowsException'{0x00000000a5701690}> (0x00000000a5701690) 
thrown [s\src\hotspot\share\prims\jni.cpp, line 516]
Event: 26.192 Thread 0x00000236156fa5a0 Exception <a 'sun/nio/fs/WindowsException'{0x00000000a57032e0}> (0x00000000a57032e0) 
thrown [s\src\hotspot\share\prims\jni.cpp, line 516]
Event: 27.573 Thread 0x0000023617ac4210 Implicit null exception at 0x000002366c25675b to 0x000002366c2567ec
Event: 28.429 Thread 0x000002367f03c520 Implicit null exception at 0x000002366c28b06b to 0x000002366c28baf0
Event: 28.456 Thread 0x000002367f036f10 Implicit null exception at 0x000002366c28b06b to 0x000002366c28baf0
Event: 28.458 Thread 0x000002367f038d70 Implicit null exception at 0x000002366c28b06b to 0x000002366c28baf0
Event: 28.462 Thread 0x0000023617ac6070 Implicit null exception at 0x000002366c28b06b to 0x000002366c28baf0
Event: 28.537 Thread 0x0000023617ac6070 Implicit null exception at 0x000002366c290b3b to 0x000002366c291464
Event: 29.481 Thread 0x0000023615682830 Exception <a 'java/lang/NoSuchMethodError'{0x00000000a68f18c0}: 'java.lang.Object java.lang.invoke.Invokers$Holder.invokeExact_MT(java.lang.Object, java.lang.Object, java.lang.Object, int, java.lang.Object, java.lang.Object)'> (0x00000000a68f18c0) 
thrown [s\src\hotspot\share\interpreter\linkResolver.cpp, line 759]
Event: 30.482 Thread 0x0000023615682830 Exception <a 'java/lang/NoSuchMethodError'{0x00000000a6bb80c0}: 'void java.lang.invoke.Invokers$Holder.invoke_MT(java.lang.Object, java.lang.Object, java.lang.Object, java.lang.Object)'> (0x00000000a6bb80c0) 
thrown [s\src\hotspot\share\interpreter\linkResolver.cpp, line 759]
Event: 30.495 Thread 0x0000023615682830 Exception <a 'java/lang/NoSuchMethodError'{0x00000000a6a39840}: 'java.lang.Object java.lang.invoke.DirectMethodHandle$Holder.invokeStaticInit(java.lang.Object, java.lang.Object, java.lang.Object, java.lang.Object, java.lang.Object, java.lang.Object, java.lang.Object)'> (0x00000000a6a39840) 
thrown [s\src\hotspot\share\interpreter\linkResolver.cpp, line 759]

VM Operations (20 events):
Event: 27.998 Executing VM operation: G1PauseCleanup done
Event: 28.444 Executing VM operation: G1CollectForAllocation
Event: 28.454 Executing VM operation: G1CollectForAllocation done
Event: 28.526 Executing VM operation: G1CollectForAllocation
Event: 28.530 Executing VM operation: G1CollectForAllocation done
Event: 28.952 Executing VM operation: G1CollectForAllocation
Event: 28.956 Executing VM operation: G1CollectForAllocation done
Event: 29.034 Executing VM operation: G1PauseRemark
Event: 29.039 Executing VM operation: G1PauseRemark done
Event: 29.069 Executing VM operation: G1PauseCleanup
Event: 29.070 Executing VM operation: G1PauseCleanup done
Event: 29.311 Executing VM operation: HandshakeAllThreads
Event: 29.311 Executing VM operation: HandshakeAllThreads done
Event: 29.621 Executing VM operation: HandshakeAllThreads
Event: 29.621 Executing VM operation: HandshakeAllThreads done
Event: 29.977 Executing VM operation: G1CollectForAllocation
Event: 29.984 Executing VM operation: G1CollectForAllocation done
Event: 30.043 Executing VM operation: G1CollectForAllocation
Event: 30.048 Executing VM operation: G1CollectForAllocation done
Event: 30.531 Executing VM operation: G1CollectForAllocation

Memory protections (0 events):
No events

Nmethod flushes (20 events):
Event: 16.279 Thread 0x000002367a139af0 flushing  nmethod 0x0000023664bffb10
Event: 16.279 Thread 0x000002367a139af0 flushing  nmethod 0x0000023664c11890
Event: 16.280 Thread 0x000002367a139af0 flushing  nmethod 0x0000023664c20010
Event: 16.280 Thread 0x000002367a139af0 flushing  nmethod 0x0000023664c35110
Event: 16.280 Thread 0x000002367a139af0 flushing  nmethod 0x0000023664c51610
Event: 16.280 Thread 0x000002367a139af0 flushing  nmethod 0x0000023664c52310
Event: 16.280 Thread 0x000002367a139af0 flushing  nmethod 0x0000023664c53490
Event: 16.280 Thread 0x000002367a139af0 flushing  nmethod 0x0000023664c59710
Event: 16.280 Thread 0x000002367a139af0 flushing  nmethod 0x0000023664c8db90
Event: 16.280 Thread 0x000002367a139af0 flushing  nmethod 0x0000023664cc7990
Event: 16.280 Thread 0x000002367a139af0 flushing  nmethod 0x0000023664cdd910
Event: 16.280 Thread 0x000002367a139af0 flushing  nmethod 0x0000023664cdfa90
Event: 16.280 Thread 0x000002367a139af0 flushing  nmethod 0x0000023664ce1210
Event: 16.280 Thread 0x000002367a139af0 flushing  nmethod 0x0000023664ce1690
Event: 16.280 Thread 0x000002367a139af0 flushing  nmethod 0x0000023664ce2d90
Event: 16.280 Thread 0x000002367a139af0 flushing  nmethod 0x0000023664ce5610
Event: 16.280 Thread 0x000002367a139af0 flushing  nmethod 0x0000023664cf0290
Event: 25.410 Thread 0x000002367a139af0 flushing  nmethod 0x000002366c0f7890
Event: 25.413 Thread 0x000002367a139af0 flushing  nmethod 0x000002366468ee90
Event: 25.414 Thread 0x000002367a139af0 flushing  nmethod 0x0000023664768f90

Events (20 events):
Event: 27.810 Thread 0x0000023615682830 Thread added: 0x000002367f038d70
Event: 27.810 Thread 0x0000023615682830 Thread added: 0x000002367f036f10
Event: 27.811 Thread 0x0000023615682830 Thread added: 0x000002367f03c520
Event: 27.811 Thread 0x0000023615682830 Thread added: 0x000002367f03abd0
Event: 27.812 Thread 0x0000023615682830 Thread added: 0x000002367f037420
Event: 30.060 Thread 0x0000023615682830 Thread added: 0x000002367f03b5f0
Event: 30.060 Thread 0x0000023615682830 Thread added: 0x000002367f03cf40
Event: 30.060 Thread 0x0000023615682830 Thread added: 0x000002367f03b0e0
Event: 30.060 Thread 0x0000023615682830 Thread added: 0x000002367f03bb00
Event: 30.060 Thread 0x0000023615682830 Thread added: 0x000002367f03c010
Event: 30.061 Thread 0x0000023615682830 Thread added: 0x000002367f039ca0
Event: 30.061 Thread 0x0000023615682830 Thread added: 0x000002367f035fe0
Event: 30.077 Thread 0x0000023615682830 Thread added: 0x000002367f038350
Event: 30.078 Thread 0x0000023615682830 Thread added: 0x000002367f039280
Event: 30.079 Thread 0x0000023615682830 Thread added: 0x000002367f03d450
Event: 30.079 Thread 0x0000023615682830 Thread added: 0x000002367f037930
Event: 30.082 Thread 0x0000023615682830 Thread added: 0x000002367f03a1b0
Event: 30.084 Thread 0x0000023615682830 Thread added: 0x000002367f037e40
Event: 30.085 Thread 0x0000023615682830 Thread added: 0x000002367f039790
Event: 30.109 Thread 0x0000023615682830 Thread added: 0x000002367f03d960


Dynamic libraries:
0x00007ff6a0240000 - 0x00007ff6a024e000 	C:\Program Files\Eclipse Adoptium\jdk-17.0.19.10-hotspot\bin\java.exe
0x00007ffd998a0000 - 0x00007ffd99aa9000 	C:\Windows\SYSTEM32\ntdll.dll
0x00007ffd976f0000 - 0x00007ffd977ad000 	C:\Windows\System32\KERNEL32.DLL
0x00007ffd97020000 - 0x00007ffd973a4000 	C:\Windows\System32\KERNELBASE.dll
0x00007ffd96e50000 - 0x00007ffd96f61000 	C:\Windows\System32\ucrtbase.dll
0x00007ffd759e0000 - 0x00007ffd759f8000 	C:\Program Files\Eclipse Adoptium\jdk-17.0.19.10-hotspot\bin\jli.dll
0x00007ffd759c0000 - 0x00007ffd759de000 	C:\Program Files\Eclipse Adoptium\jdk-17.0.19.10-hotspot\bin\VCRUNTIME140.dll
0x00007ffd99200000 - 0x00007ffd993ad000 	C:\Windows\System32\USER32.dll
0x00007ffd96ff0000 - 0x00007ffd97016000 	C:\Windows\System32\win32u.dll
0x00007ffd84590000 - 0x00007ffd84835000 	C:\Windows\WinSxS\amd64_microsoft.windows.common-controls_6595b64144ccf1df_6.0.22000.120_none_9d947278b86cc467\COMCTL32.dll
0x00007ffd97a60000 - 0x00007ffd97a8a000 	C:\Windows\System32\GDI32.dll
0x00007ffd984f0000 - 0x00007ffd98593000 	C:\Windows\System32\msvcrt.dll
0x00007ffd96d30000 - 0x00007ffd96e4e000 	C:\Windows\System32\gdi32full.dll
0x00007ffd97650000 - 0x00007ffd976ed000 	C:\Windows\System32\msvcp_win.dll
0x00007ffd98030000 - 0x00007ffd98061000 	C:\Windows\System32\IMM32.DLL
0x00007ffd89320000 - 0x00007ffd8932c000 	C:\Program Files\Eclipse Adoptium\jdk-17.0.19.10-hotspot\bin\vcruntime140_1.dll
0x00007ffd74290000 - 0x00007ffd7431d000 	C:\Program Files\Eclipse Adoptium\jdk-17.0.19.10-hotspot\bin\msvcp140.dll
0x00007ffcf05a0000 - 0x00007ffcf120c000 	C:\Program Files\Eclipse Adoptium\jdk-17.0.19.10-hotspot\bin\server\jvm.dll
0x00007ffd997b0000 - 0x00007ffd9985e000 	C:\Windows\System32\ADVAPI32.dll
0x00007ffd979c0000 - 0x00007ffd97a5e000 	C:\Windows\System32\sechost.dll
0x00007ffd99560000 - 0x00007ffd99681000 	C:\Windows\System32\RPCRT4.dll
0x00007ffd98d80000 - 0x00007ffd98def000 	C:\Windows\System32\WS2_32.dll
0x00007ffd8f050000 - 0x00007ffd8f083000 	C:\Windows\SYSTEM32\WINMM.dll
0x00007ffd8f090000 - 0x00007ffd8f09a000 	C:\Windows\SYSTEM32\VERSION.dll
0x00007ffd96570000 - 0x00007ffd965bd000 	C:\Windows\SYSTEM32\POWRPROF.dll
0x00007ffd96550000 - 0x00007ffd96563000 	C:\Windows\SYSTEM32\UMPDC.dll
0x00007ffd95d60000 - 0x00007ffd95d78000 	C:\Windows\SYSTEM32\kernel.appcore.dll
0x00007ffd85060000 - 0x00007ffd8506a000 	C:\Program Files\Eclipse Adoptium\jdk-17.0.19.10-hotspot\bin\jimage.dll
0x00007ffd946c0000 - 0x00007ffd948e1000 	C:\Windows\SYSTEM32\DBGHELP.DLL
0x00007ffd81250000 - 0x00007ffd81281000 	C:\Windows\SYSTEM32\dbgcore.DLL
0x00007ffd96f70000 - 0x00007ffd96fef000 	C:\Windows\System32\bcryptPrimitives.dll
0x00007ffd93100000 - 0x00007ffd9310e000 	C:\Program Files\Eclipse Adoptium\jdk-17.0.19.10-hotspot\bin\instrument.dll
0x00007ffd75990000 - 0x00007ffd759b5000 	C:\Program Files\Eclipse Adoptium\jdk-17.0.19.10-hotspot\bin\java.dll
0x00007ffd4e1d0000 - 0x00007ffd4e2a7000 	C:\Program Files\Eclipse Adoptium\jdk-17.0.19.10-hotspot\bin\jsvml.dll
0x00007ffd985a0000 - 0x00007ffd98d65000 	C:\Windows\System32\SHELL32.dll
0x00007ffd94dc0000 - 0x00007ffd95622000 	C:\Windows\SYSTEM32\windows.storage.dll
0x00007ffd97ca0000 - 0x00007ffd98016000 	C:\Windows\System32\combase.dll
0x00007ffd94c50000 - 0x00007ffd94db7000 	C:\Windows\SYSTEM32\wintypes.dll
0x00007ffd98ef0000 - 0x00007ffd98fda000 	C:\Windows\System32\SHCORE.dll
0x00007ffd97c40000 - 0x00007ffd97c9d000 	C:\Windows\System32\shlwapi.dll
0x00007ffd96c60000 - 0x00007ffd96c85000 	C:\Windows\SYSTEM32\profapi.dll
0x00007ffd74190000 - 0x00007ffd741a8000 	C:\Program Files\Eclipse Adoptium\jdk-17.0.19.10-hotspot\bin\zip.dll
0x00007ffd75970000 - 0x00007ffd7598a000 	C:\Program Files\Eclipse Adoptium\jdk-17.0.19.10-hotspot\bin\net.dll
0x00007ffd916c0000 - 0x00007ffd917d4000 	C:\Windows\SYSTEM32\WINHTTP.dll
0x00007ffd96270000 - 0x00007ffd962d7000 	C:\Windows\system32\mswsock.dll
0x00007ffd74270000 - 0x00007ffd74286000 	C:\Program Files\Eclipse Adoptium\jdk-17.0.19.10-hotspot\bin\nio.dll
0x00007ffd7d2f0000 - 0x00007ffd7d300000 	C:\Program Files\Eclipse Adoptium\jdk-17.0.19.10-hotspot\bin\verify.dll
0x00007ffd7d050000 - 0x00007ffd7d077000 	C:\Users\Lenovo\.gradle\native\1def1411415f61bf3af743bc5b6707747c0891f09f0c88961ee8f79bc544acac\windows-amd64\native-platform.dll
0x00007ffd7cfd0000 - 0x00007ffd7d048000 	C:\Users\Lenovo\.gradle\native\0.2.7\x86_64-windows-gnu\gradle-fileevents.dll
0x00007ffd84900000 - 0x00007ffd8490a000 	C:\Program Files\Eclipse Adoptium\jdk-17.0.19.10-hotspot\bin\management.dll
0x00007ffd7fad0000 - 0x00007ffd7fadc000 	C:\Program Files\Eclipse Adoptium\jdk-17.0.19.10-hotspot\bin\management_ext.dll
0x00007ffd98020000 - 0x00007ffd98028000 	C:\Windows\System32\PSAPI.DLL
0x00007ffd958c0000 - 0x00007ffd958ed000 	C:\Windows\SYSTEM32\IPHLPAPI.DLL
0x00007ffd98d70000 - 0x00007ffd98d79000 	C:\Windows\System32\NSI.dll
0x00007ffd8f370000 - 0x00007ffd8f389000 	C:\Windows\SYSTEM32\dhcpcsvc6.DLL
0x00007ffd8f580000 - 0x00007ffd8f59e000 	C:\Windows\SYSTEM32\dhcpcsvc.DLL
0x00007ffd958f0000 - 0x00007ffd959d7000 	C:\Windows\SYSTEM32\DNSAPI.dll
0x00007ffd76850000 - 0x00007ffd76859000 	C:\Program Files\Eclipse Adoptium\jdk-17.0.19.10-hotspot\bin\extnet.dll
0x00007ffd965c0000 - 0x00007ffd965d8000 	C:\Windows\SYSTEM32\CRYPTSP.dll
0x00007ffd95cc0000 - 0x00007ffd95cf5000 	C:\Windows\system32\rsaenh.dll
0x00007ffd96310000 - 0x00007ffd9633c000 	C:\Windows\SYSTEM32\USERENV.dll
0x00007ffd96700000 - 0x00007ffd96727000 	C:\Windows\SYSTEM32\bcrypt.dll
0x00007ffd96460000 - 0x00007ffd9646c000 	C:\Windows\SYSTEM32\CRYPTBASE.dll
0x00007ffd926b0000 - 0x00007ffd926be000 	C:\Program Files\Eclipse Adoptium\jdk-17.0.19.10-hotspot\bin\sunmscapi.dll
0x00007ffd973b0000 - 0x00007ffd97512000 	C:\Windows\System32\CRYPT32.dll
0x00007ffd966d0000 - 0x00007ffd966f8000 	C:\Windows\SYSTEM32\ncrypt.dll
0x00007ffd96690000 - 0x00007ffd966c7000 	C:\Windows\SYSTEM32\NTASN1.dll
0x00007ffd900b0000 - 0x00007ffd900b8000 	C:\Windows\system32\wshunix.dll
0x00007ffd40430000 - 0x00007ffd40447000 	C:\Windows\system32\napinsp.dll
0x00007ffd40410000 - 0x00007ffd4042b000 	C:\Windows\system32\pnrpnsp.dll
0x00007ffd403f0000 - 0x00007ffd40402000 	C:\Windows\System32\winrnr.dll
0x00007ffd5f420000 - 0x00007ffd5f435000 	C:\Windows\system32\wshbth.dll
0x00007ffd40450000 - 0x00007ffd4046f000 	C:\Windows\system32\nlansp_c.dll
0x00007ffd8e0b0000 - 0x00007ffd8e0ba000 	C:\Windows\System32\rasadhlp.dll
0x00007ffd8c5c0000 - 0x00007ffd8c641000 	C:\Windows\System32\fwpuclnt.dll

dbghelp: loaded successfully - version: 4.0.5 - missing functions: none
symbol engine: initialized successfully - sym options: 0x614 - pdb path: .;C:\Program Files\Eclipse Adoptium\jdk-17.0.19.10-hotspot\bin;C:\Windows\SYSTEM32;C:\Windows\WinSxS\amd64_microsoft.windows.common-controls_6595b64144ccf1df_6.0.22000.120_none_9d947278b86cc467;C:\Program Files\Eclipse Adoptium\jdk-17.0.19.10-hotspot\bin\server;C:\Users\Lenovo\.gradle\native\1def1411415f61bf3af743bc5b6707747c0891f09f0c88961ee8f79bc544acac\windows-amd64;C:\Users\Lenovo\.gradle\native\0.2.7\x86_64-windows-gnu

VM Arguments:
jvm_args: --add-opens=java.base/java.lang=ALL-UNNAMED --add-opens=java.base/java.lang.invoke=ALL-UNNAMED --add-opens=java.base/java.util=ALL-UNNAMED --add-opens=java.prefs/java.util.prefs=ALL-UNNAMED --add-exports=jdk.compiler/com.sun.tools.javac.api=ALL-UNNAMED --add-exports=jdk.compiler/com.sun.tools.javac.util=ALL-UNNAMED --add-opens=java.base/java.util=ALL-UNNAMED --add-opens=java.prefs/java.util.prefs=ALL-UNNAMED --add-opens=java.base/java.nio.charset=ALL-UNNAMED --add-opens=java.base/java.net=ALL-UNNAMED --add-opens=java.base/java.util.concurrent.atomic=ALL-UNNAMED --add-opens=java.xml/javax.xml.namespace=ALL-UNNAMED -XX:MaxMetaspaceSize=384M -XX:ReservedCodeCacheSize=240M -XX:+HeapDumpOnOutOfMemoryError -Xmx1536M -Dfile.encoding=windows-1252 -Duser.country=ID -Duser.language=en -Duser.variant -javaagent:C:\Users\Lenovo\.gradle\wrapper\dists\gradle-8.14-all\c2qonpi39x1mddn7hk5gh9iqj\gradle-8.14\lib\agents\gradle-instrumentation-agent-8.14.jar 
java_command: org.gradle.launcher.daemon.bootstrap.GradleDaemon 8.14
java_class_path (initial): C:\Users\Lenovo\.gradle\wrapper\dists\gradle-8.14-all\c2qonpi39x1mddn7hk5gh9iqj\gradle-8.14\lib\gradle-daemon-main-8.14.jar
Launcher Type: SUN_STANDARD

[Global flags]
     intx CICompilerCount                          = 4                                         {product} {ergonomic}
   size_t CompressedClassSpaceSize                 = 335544320                                 {product} {ergonomic}
     uint ConcGCThreads                            = 2                                         {product} {ergonomic}
     uint G1ConcRefinementThreads                  = 8                                         {product} {ergonomic}
   size_t G1HeapRegionSize                         = 1048576                                   {product} {ergonomic}
    uintx GCDrainStackTargetSize                   = 64                                        {product} {ergonomic}
     bool HeapDumpOnOutOfMemoryError               = true                                   {manageable} {command line}
   size_t InitialHeapSize                          = 65011712                                  {product} {ergonomic}
   size_t MarkStackSize                            = 4194304                                   {product} {ergonomic}
   size_t MaxHeapSize                              = 1610612736                                {product} {command line}
   size_t MaxMetaspaceSize                         = 402653184                                 {product} {command line}
   size_t MaxNewSize                               = 965738496                                 {product} {ergonomic}
   size_t MinHeapDeltaBytes                        = 1048576                                   {product} {ergonomic}
   size_t MinHeapSize                              = 8388608                                   {product} {ergonomic}
    uintx NonNMethodCodeHeapSize                   = 5839372                                {pd product} {ergonomic}
    uintx NonProfiledCodeHeapSize                  = 122909434                              {pd product} {ergonomic}
    uintx ProfiledCodeHeapSize                     = 122909434                              {pd product} {ergonomic}
    uintx ReservedCodeCacheSize                    = 251658240                              {pd product} {command line}
     bool SegmentedCodeCache                       = true                                      {product} {ergonomic}
   size_t SoftMaxHeapSize                          = 1610612736                             {manageable} {ergonomic}
     bool UseCompressedClassPointers               = true                           {product lp64_product} {ergonomic}
     bool UseCompressedOops                        = true                           {product lp64_product} {ergonomic}
     bool UseG1GC                                  = true                                      {product} {ergonomic}
     bool UseLargePagesIndividualAllocation        = false                                  {pd product} {ergonomic}

Logging:
Log output configuration:
 #0: stdout all=warning uptime,level,tags
 #1: stderr all=off uptime,level,tags

Environment Variables:
JAVA_HOME=C:\Program Files\Eclipse Adoptium\jdk-17.0.19.10-hotspot
CLASSPATH=D:\SmartAgrifis-main\android\\gradle\wrapper\gradle-wrapper.jar
PATH=C:\Program Files\Eclipse Adoptium\jdk-17.0.19.10-hotspot\bin;C:\Flutter\flutter\bin\;C:\Program Files\Microsoft MPI\Bin\;C:\Windows\system32;C:\Windows;C:\Windows\System32\Wbem;C:\Windows\System32\WindowsPowerShell\v1.0\;C:\Windows\System32\OpenSSH\;C:\Program Files\dotnet\;C:\Program Files\PuTTY\;C:\Program Files (x86)\PuTTY\;C:\MinGW\bin;C:\Program Files\Git\cmd;C:\Flutter\flutter\bin;C:\Program Files\Eclipse Adoptium\jdk-17.0.19.10-hotspot\bin;C:\Users\Lenovo\AppData\Local\Programs\Python\Python313\Scripts\;C:\Users\Lenovo\AppData\Local\Programs\Python\Python313\;C:\Users\Lenovo\AppData\Local\Microsoft\WindowsApps;C:\Users\Lenovo\.dotnet\tools;D:\Semester 6\flutter_windows_3.29.0-stable\flutter\bin;C:\intelFPGA\18.1\modelsim_ase\win32aloem;C:\Users\Lenovo\Downloads\ngrok-v3-stable-windows-amd64;C:\Users\Lenovo\AppData\Local\Programs\Microsoft VS Code\bin;C:\Users\Lenovo\AppData\Local\Programs\Antigravity IDE\bin;c:\Users\Lenovo\.antigravity-ide\extensions\ms-python.debugpy-2026.6.0-win32-x64\bundled\scripts\noConfigScripts
USERNAME=Lenovo
LANG=en_US.UTF-8
OS=Windows_NT
PROCESSOR_IDENTIFIER=Intel64 Family 6 Model 140 Stepping 1, GenuineIntel
TMP=C:\Users\Lenovo\AppData\Local\Temp
TEMP=C:\Users\Lenovo\AppData\Local\Temp



Periodic native trim disabled


---------------  S Y S T E M  ---------------

OS:
 Windows 11 , 64 bit Build 22000 (10.0.22000.2538)
OS uptime: 0 days 2:56 hours
Hyper-V role detected

CPU: total 8 (initial active 8) (4 cores per cpu, 2 threads per core) family 6 model 140 stepping 1 microcode 0xaa, cx8, cmov, fxsr, ht, mmx, 3dnowpref, sse, sse2, sse3, ssse3, sse4.1, sse4.2, popcnt, lzcnt, tsc, tscinvbit, avx, avx2, aes, erms, clmul, bmi1, bmi2, adx, avx512f, avx512dq, avx512cd, avx512bw, avx512vl, sha, fma, vzeroupper, avx512_vpopcntdq, avx512_vpclmulqdq, avx512_vaes, avx512_vnni, clflush, clflushopt, clwb, avx512_vbmi2, avx512_vbmi, hv
Processor Information for all 8 processors :
  Max Mhz: 2419, Current Mhz: 2419, Mhz Limit: 2419

Memory: 4k page, system-wide physical 3879M (54M free)
TotalPageFile size 15655M (AvailPageFile size 92M)
current process WorkingSet (physical memory assigned to process): 289M, peak: 289M
current process commit charge ("private bytes"): 379M, peak: 491M

vm_info: OpenJDK 64-Bit Server VM (17.0.19+10) for windows-amd64 JRE (17.0.19+10), built on Apr 25 2026 08:04:44 by "admin" with MS VC++ 17.12 (VS2022)

END.
